ARM GAS  C:\Users\TRONG-~1\AppData\Local\Temp\ccsG9MIj.s 			page 1


   1              		.cpu cortex-m4
   2              		.eabi_attribute 27, 1
   3              		.eabi_attribute 28, 1
   4              		.eabi_attribute 20, 1
   5              		.eabi_attribute 21, 1
   6              		.eabi_attribute 23, 3
   7              		.eabi_attribute 24, 1
   8              		.eabi_attribute 25, 1
   9              		.eabi_attribute 26, 1
  10              		.eabi_attribute 30, 1
  11              		.eabi_attribute 34, 1
  12              		.eabi_attribute 18, 4
  13              		.file	"main.c"
  14              		.text
  15              	.Ltext0:
  16              		.cfi_sections	.debug_frame
  17              		.section	.text.MX_GPIO_Init,"ax",%progbits
  18              		.align	1
  19              		.arch armv7e-m
  20              		.syntax unified
  21              		.thumb
  22              		.thumb_func
  23              		.fpu fpv4-sp-d16
  25              	MX_GPIO_Init:
  26              	.LFB141:
  27              		.file 1 "Core/Src/main.c"
   1:Core/Src/main.c **** #include "main.h"
   2:Core/Src/main.c **** 
   3:Core/Src/main.c **** /* Private includes ----------------------------------------------------------*/
   4:Core/Src/main.c **** #include <string.h>
   5:Core/Src/main.c **** #include<stdio.h>
   6:Core/Src/main.c **** #include "stdint.h"
   7:Core/Src/main.c **** #include "retarget.h"
   8:Core/Src/main.c **** 
   9:Core/Src/main.c **** /* Private variables ---------------------------------------------------------*/
  10:Core/Src/main.c **** TIM_HandleTypeDef htim2;
  11:Core/Src/main.c **** UART_HandleTypeDef huart1;
  12:Core/Src/main.c **** 
  13:Core/Src/main.c **** char Rx_data[2];
  14:Core/Src/main.c **** uint8_t cmd =0;
  15:Core/Src/main.c **** char mainmsg[] = "Press:  a: Name    b: Button Led  \n";
  16:Core/Src/main.c **** char msg[] = "Press :   0: All Led OFF  1: Led Green ON   2: Led Red ON   3: Timer Led";
  17:Core/Src/main.c **** char err[] = "Invalid input! Please try again!\n";
  18:Core/Src/main.c **** 
  19:Core/Src/main.c **** uint8_t button =0;
  20:Core/Src/main.c **** 
  21:Core/Src/main.c **** /* Private function prototypes -----------------------------------------------*/
  22:Core/Src/main.c **** void SystemClock_Config(void);
  23:Core/Src/main.c **** static void MX_GPIO_Init(void);
  24:Core/Src/main.c **** static void MX_TIM2_Init(void);
  25:Core/Src/main.c **** static void MX_USART1_UART_Init(void);
  26:Core/Src/main.c **** /* USER CODE BEGIN PFP */
  27:Core/Src/main.c **** 
  28:Core/Src/main.c **** void RetargetName(void)
  29:Core/Src/main.c **** {
  30:Core/Src/main.c ****   char buff[100];
  31:Core/Src/main.c ****   printf("\nYour name: ");
ARM GAS  C:\Users\TRONG-~1\AppData\Local\Temp\ccsG9MIj.s 			page 2


  32:Core/Src/main.c ****   scanf("%s", buff);
  33:Core/Src/main.c ****   printf("\nHello, %s!\n", buff);
  34:Core/Src/main.c **** }
  35:Core/Src/main.c **** 
  36:Core/Src/main.c **** void toggleled(void)
  37:Core/Src/main.c **** {
  38:Core/Src/main.c ****   while(1)
  39:Core/Src/main.c ****   {
  40:Core/Src/main.c ****     /* USER CODE END WHILE */
  41:Core/Src/main.c ****       HAL_GPIO_TogglePin(GPIOG,GPIO_PIN_13|GPIO_PIN_14);
  42:Core/Src/main.c **** 		  HAL_Delay(100);
  43:Core/Src/main.c ****       // if(cmd == (int)27)
  44:Core/Src/main.c ****       // {
  45:Core/Src/main.c ****       //   AdvanceLed();
  46:Core/Src/main.c ****       // }
  47:Core/Src/main.c ****   }
  48:Core/Src/main.c **** }
  49:Core/Src/main.c **** 
  50:Core/Src/main.c **** void AdvanceLed()
  51:Core/Src/main.c **** {
  52:Core/Src/main.c **** 
  53:Core/Src/main.c ****   printf(msg);
  54:Core/Src/main.c ****   while(1)
  55:Core/Src/main.c ****   {
  56:Core/Src/main.c **** 
  57:Core/Src/main.c ****     if(HAL_UART_Receive(&huart1, &cmd, 1, 100)== HAL_OK)
  58:Core/Src/main.c ****     {
  59:Core/Src/main.c ****       // errmsg();
  60:Core/Src/main.c ****       switch(cmd)
  61:Core/Src/main.c ****       {
  62:Core/Src/main.c ****         case '0':
  63:Core/Src/main.c ****           HAL_GPIO_WritePin(GPIOG, GPIO_PIN_13|GPIO_PIN_14, GPIO_PIN_RESET);
  64:Core/Src/main.c ****           printf("\nAll led OFF!");
  65:Core/Src/main.c ****           break;
  66:Core/Src/main.c ****         case '1':
  67:Core/Src/main.c ****           HAL_GPIO_WritePin(GPIOG, GPIO_PIN_13, GPIO_PIN_SET);
  68:Core/Src/main.c ****           printf("\nLed green ON!");
  69:Core/Src/main.c ****           break;
  70:Core/Src/main.c ****         case '2':
  71:Core/Src/main.c ****           HAL_GPIO_WritePin(GPIOG, GPIO_PIN_14, GPIO_PIN_SET);
  72:Core/Src/main.c ****           printf("\nLed red ON!");
  73:Core/Src/main.c ****           break;
  74:Core/Src/main.c ****         case '3':
  75:Core/Src/main.c ****           printf("\nNhap nhay!");
  76:Core/Src/main.c ****           toggleled();
  77:Core/Src/main.c **** 
  78:Core/Src/main.c ****       }
  79:Core/Src/main.c ****     }
  80:Core/Src/main.c ****   }
  81:Core/Src/main.c **** }
  82:Core/Src/main.c **** void HAL_TIM_PeriodElapsedCallback(TIM_HandleTypeDef *htim)
  83:Core/Src/main.c **** {
  84:Core/Src/main.c ****   // Check which version of the timer triggered this callback and toggle LED
  85:Core/Src/main.c ****   UNUSED(htim);
  86:Core/Src/main.c **** 
  87:Core/Src/main.c ****   if (htim == &htim2 )
  88:Core/Src/main.c ****   {
ARM GAS  C:\Users\TRONG-~1\AppData\Local\Temp\ccsG9MIj.s 			page 3


  89:Core/Src/main.c ****     HAL_GPIO_TogglePin(GPIOG, GPIO_PIN_13);
  90:Core/Src/main.c ****   }
  91:Core/Src/main.c **** }
  92:Core/Src/main.c **** 
  93:Core/Src/main.c **** // void Timer(void)
  94:Core/Src/main.c **** // {
  95:Core/Src/main.c ****   
  96:Core/Src/main.c **** //   // void HAL_TIM_PeriodElapsedCallback(TIM_HandleTypeDef *htim)
  97:Core/Src/main.c **** //   // {  
  98:Core/Src/main.c **** //   //   UNUSED(htim);
  99:Core/Src/main.c **** 
 100:Core/Src/main.c **** //   //   if (htim == &htim2 )
 101:Core/Src/main.c **** //   //   {
 102:Core/Src/main.c **** //   //     HAL_GPIO_TogglePin(GPIOG, GPIO_PIN_13);
 103:Core/Src/main.c **** //   //   }
 104:Core/Src/main.c **** //   // }
 105:Core/Src/main.c **** //   HAL_TIM_PeriodElapsedCallback(&htim2);
 106:Core/Src/main.c **** 
 107:Core/Src/main.c **** // }
 108:Core/Src/main.c **** 
 109:Core/Src/main.c **** int main(void)
 110:Core/Src/main.c **** {
 111:Core/Src/main.c ****   HAL_Init();
 112:Core/Src/main.c **** 
 113:Core/Src/main.c ****   SystemClock_Config();
 114:Core/Src/main.c **** 
 115:Core/Src/main.c ****   MX_GPIO_Init();
 116:Core/Src/main.c ****   MX_TIM2_Init();
 117:Core/Src/main.c ****   MX_USART1_UART_Init();
 118:Core/Src/main.c **** 
 119:Core/Src/main.c ****   RetargetInit(&huart1);
 120:Core/Src/main.c ****   HAL_TIM_Base_Start_IT(&htim2);
 121:Core/Src/main.c **** 
 122:Core/Src/main.c ****   printf(mainmsg);
 123:Core/Src/main.c **** 
 124:Core/Src/main.c ****   while (1)
 125:Core/Src/main.c ****   {
 126:Core/Src/main.c ****   
 127:Core/Src/main.c ****     button = HAL_GPIO_ReadPin(GPIOA, GPIO_PIN_0);
 128:Core/Src/main.c ****     // uint8_t x=HAL_UART_Receive(&huart1, &cmd, 1, 100);
 129:Core/Src/main.c ****     if(HAL_UART_Receive(&huart1, &cmd, 1, 100)== HAL_OK)
 130:Core/Src/main.c ****     {
 131:Core/Src/main.c ****       switch(cmd)
 132:Core/Src/main.c ****       {
 133:Core/Src/main.c ****         case 'a':
 134:Core/Src/main.c ****           RetargetName();
 135:Core/Src/main.c ****           break;
 136:Core/Src/main.c ****         case 'b':
 137:Core/Src/main.c ****           AdvanceLed();
 138:Core/Src/main.c ****           break;
 139:Core/Src/main.c ****         // case 'c':
 140:Core/Src/main.c ****         //   Timer();
 141:Core/Src/main.c ****         default:
 142:Core/Src/main.c ****         printf(err);
 143:Core/Src/main.c ****       }
 144:Core/Src/main.c ****     }
 145:Core/Src/main.c ****   }
ARM GAS  C:\Users\TRONG-~1\AppData\Local\Temp\ccsG9MIj.s 			page 4


 146:Core/Src/main.c **** }
 147:Core/Src/main.c **** 
 148:Core/Src/main.c **** 
 149:Core/Src/main.c **** void SystemClock_Config(void)
 150:Core/Src/main.c **** {
 151:Core/Src/main.c ****   RCC_OscInitTypeDef RCC_OscInitStruct = {0};
 152:Core/Src/main.c ****   RCC_ClkInitTypeDef RCC_ClkInitStruct = {0};
 153:Core/Src/main.c **** 
 154:Core/Src/main.c ****   /** Configure the main internal regulator output voltage
 155:Core/Src/main.c ****   */
 156:Core/Src/main.c ****   __HAL_RCC_PWR_CLK_ENABLE();
 157:Core/Src/main.c ****   __HAL_PWR_VOLTAGESCALING_CONFIG(PWR_REGULATOR_VOLTAGE_SCALE3);
 158:Core/Src/main.c ****   /** Initializes the RCC Oscillators according to the specified parameters
 159:Core/Src/main.c ****   * in the RCC_OscInitTypeDef structure.
 160:Core/Src/main.c ****   */
 161:Core/Src/main.c ****   RCC_OscInitStruct.OscillatorType = RCC_OSCILLATORTYPE_HSI;
 162:Core/Src/main.c ****   RCC_OscInitStruct.HSIState = RCC_HSI_ON;
 163:Core/Src/main.c ****   RCC_OscInitStruct.HSICalibrationValue = RCC_HSICALIBRATION_DEFAULT;
 164:Core/Src/main.c ****   RCC_OscInitStruct.PLL.PLLState = RCC_PLL_NONE;
 165:Core/Src/main.c ****   if (HAL_RCC_OscConfig(&RCC_OscInitStruct) != HAL_OK)
 166:Core/Src/main.c ****   {
 167:Core/Src/main.c ****     Error_Handler();
 168:Core/Src/main.c ****   }
 169:Core/Src/main.c ****   /** Initializes the CPU, AHB and APB buses clocks
 170:Core/Src/main.c ****   */
 171:Core/Src/main.c ****   RCC_ClkInitStruct.ClockType = RCC_CLOCKTYPE_HCLK|RCC_CLOCKTYPE_SYSCLK
 172:Core/Src/main.c ****                               |RCC_CLOCKTYPE_PCLK1|RCC_CLOCKTYPE_PCLK2;
 173:Core/Src/main.c ****   RCC_ClkInitStruct.SYSCLKSource = RCC_SYSCLKSOURCE_HSI;
 174:Core/Src/main.c ****   RCC_ClkInitStruct.AHBCLKDivider = RCC_SYSCLK_DIV1;
 175:Core/Src/main.c ****   RCC_ClkInitStruct.APB1CLKDivider = RCC_HCLK_DIV1;
 176:Core/Src/main.c ****   RCC_ClkInitStruct.APB2CLKDivider = RCC_HCLK_DIV1;
 177:Core/Src/main.c **** 
 178:Core/Src/main.c ****   if (HAL_RCC_ClockConfig(&RCC_ClkInitStruct, FLASH_LATENCY_0) != HAL_OK)
 179:Core/Src/main.c ****   {
 180:Core/Src/main.c ****     Error_Handler();
 181:Core/Src/main.c ****   }
 182:Core/Src/main.c **** }
 183:Core/Src/main.c **** 
 184:Core/Src/main.c **** static void MX_TIM2_Init(void)
 185:Core/Src/main.c **** {
 186:Core/Src/main.c **** 
 187:Core/Src/main.c ****   /* USER CODE BEGIN TIM2_Init 0 */
 188:Core/Src/main.c **** 
 189:Core/Src/main.c ****   /* USER CODE END TIM2_Init 0 */
 190:Core/Src/main.c **** 
 191:Core/Src/main.c ****   TIM_ClockConfigTypeDef sClockSourceConfig = {0};
 192:Core/Src/main.c ****   TIM_MasterConfigTypeDef sMasterConfig = {0};
 193:Core/Src/main.c **** 
 194:Core/Src/main.c **** // Ft = defaul freq / prescaler 
 195:Core/Src/main.c **** // T = 1/ Ft 
 196:Core/Src/main.c **** 
 197:Core/Src/main.c ****   /* USER CODE END TIM2_Init 1 */
 198:Core/Src/main.c ****   htim2.Instance = TIM2;
 199:Core/Src/main.c ****   htim2.Init.Prescaler = 16000;
 200:Core/Src/main.c ****   htim2.Init.CounterMode = TIM_COUNTERMODE_UP;
 201:Core/Src/main.c ****   htim2.Init.Period = 250;
 202:Core/Src/main.c ****   htim2.Init.ClockDivision = TIM_CLOCKDIVISION_DIV1;
ARM GAS  C:\Users\TRONG-~1\AppData\Local\Temp\ccsG9MIj.s 			page 5


 203:Core/Src/main.c ****   htim2.Init.AutoReloadPreload = TIM_AUTORELOAD_PRELOAD_DISABLE;
 204:Core/Src/main.c ****   if (HAL_TIM_Base_Init(&htim2) != HAL_OK)
 205:Core/Src/main.c ****   {
 206:Core/Src/main.c ****     Error_Handler();
 207:Core/Src/main.c ****   }
 208:Core/Src/main.c ****   sClockSourceConfig.ClockSource = TIM_CLOCKSOURCE_INTERNAL;
 209:Core/Src/main.c ****   if (HAL_TIM_ConfigClockSource(&htim2, &sClockSourceConfig) != HAL_OK)
 210:Core/Src/main.c ****   {
 211:Core/Src/main.c ****     Error_Handler();
 212:Core/Src/main.c ****   }
 213:Core/Src/main.c ****   sMasterConfig.MasterOutputTrigger = TIM_TRGO_UPDATE;
 214:Core/Src/main.c ****   sMasterConfig.MasterSlaveMode = TIM_MASTERSLAVEMODE_DISABLE;
 215:Core/Src/main.c ****   if (HAL_TIMEx_MasterConfigSynchronization(&htim2, &sMasterConfig) != HAL_OK)
 216:Core/Src/main.c ****   {
 217:Core/Src/main.c ****     Error_Handler();
 218:Core/Src/main.c ****   }
 219:Core/Src/main.c ****   /* USER CODE BEGIN TIM2_Init 2 */
 220:Core/Src/main.c **** 
 221:Core/Src/main.c ****   /* USER CODE END TIM2_Init 2 */
 222:Core/Src/main.c **** 
 223:Core/Src/main.c **** }
 224:Core/Src/main.c **** 
 225:Core/Src/main.c **** static void MX_USART1_UART_Init(void)
 226:Core/Src/main.c **** {
 227:Core/Src/main.c ****   /* USER CODE END USART1_Init 1 */
 228:Core/Src/main.c ****   huart1.Instance = USART1;
 229:Core/Src/main.c ****   huart1.Init.BaudRate = 9600;
 230:Core/Src/main.c ****   huart1.Init.WordLength = UART_WORDLENGTH_8B;
 231:Core/Src/main.c ****   huart1.Init.StopBits = UART_STOPBITS_1;
 232:Core/Src/main.c ****   huart1.Init.Parity = UART_PARITY_NONE;
 233:Core/Src/main.c ****   huart1.Init.Mode = UART_MODE_TX_RX;
 234:Core/Src/main.c ****   huart1.Init.HwFlowCtl = UART_HWCONTROL_NONE;
 235:Core/Src/main.c ****   huart1.Init.OverSampling = UART_OVERSAMPLING_16;
 236:Core/Src/main.c ****   if (HAL_UART_Init(&huart1) != HAL_OK)
 237:Core/Src/main.c ****   {
 238:Core/Src/main.c ****     Error_Handler();
 239:Core/Src/main.c ****   }
 240:Core/Src/main.c ****   /* USER CODE BEGIN USART1_Init 2 */
 241:Core/Src/main.c **** 
 242:Core/Src/main.c ****   /* USER CODE END USART1_Init 2 */
 243:Core/Src/main.c **** 
 244:Core/Src/main.c **** }
 245:Core/Src/main.c **** 
 246:Core/Src/main.c **** static void MX_GPIO_Init(void)
 247:Core/Src/main.c **** {
  28              		.loc 1 247 1 view -0
  29              		.cfi_startproc
  30              		@ args = 0, pretend = 0, frame = 32
  31              		@ frame_needed = 0, uses_anonymous_args = 0
  32 0000 F0B5     		push	{r4, r5, r6, r7, lr}
  33              	.LCFI0:
  34              		.cfi_def_cfa_offset 20
  35              		.cfi_offset 4, -20
  36              		.cfi_offset 5, -16
  37              		.cfi_offset 6, -12
  38              		.cfi_offset 7, -8
  39              		.cfi_offset 14, -4
ARM GAS  C:\Users\TRONG-~1\AppData\Local\Temp\ccsG9MIj.s 			page 6


  40 0002 89B0     		sub	sp, sp, #36
  41              	.LCFI1:
  42              		.cfi_def_cfa_offset 56
 248:Core/Src/main.c ****   GPIO_InitTypeDef GPIO_InitStruct = {0};
  43              		.loc 1 248 3 view .LVU1
  44              		.loc 1 248 20 is_stmt 0 view .LVU2
  45 0004 0024     		movs	r4, #0
  46 0006 0394     		str	r4, [sp, #12]
  47 0008 0494     		str	r4, [sp, #16]
  48 000a 0594     		str	r4, [sp, #20]
  49 000c 0694     		str	r4, [sp, #24]
  50 000e 0794     		str	r4, [sp, #28]
 249:Core/Src/main.c **** 
 250:Core/Src/main.c ****   /* GPIO Ports Clock Enable */
 251:Core/Src/main.c ****   __HAL_RCC_GPIOH_CLK_ENABLE();
  51              		.loc 1 251 3 is_stmt 1 view .LVU3
  52              	.LBB4:
  53              		.loc 1 251 3 view .LVU4
  54 0010 0094     		str	r4, [sp]
  55              		.loc 1 251 3 view .LVU5
  56 0012 204B     		ldr	r3, .L3
  57 0014 1A6B     		ldr	r2, [r3, #48]
  58 0016 42F08002 		orr	r2, r2, #128
  59 001a 1A63     		str	r2, [r3, #48]
  60              		.loc 1 251 3 view .LVU6
  61 001c 1A6B     		ldr	r2, [r3, #48]
  62 001e 02F08002 		and	r2, r2, #128
  63 0022 0092     		str	r2, [sp]
  64              		.loc 1 251 3 view .LVU7
  65 0024 009A     		ldr	r2, [sp]
  66              	.LBE4:
  67              		.loc 1 251 3 view .LVU8
 252:Core/Src/main.c ****   __HAL_RCC_GPIOA_CLK_ENABLE();
  68              		.loc 1 252 3 view .LVU9
  69              	.LBB5:
  70              		.loc 1 252 3 view .LVU10
  71 0026 0194     		str	r4, [sp, #4]
  72              		.loc 1 252 3 view .LVU11
  73 0028 1A6B     		ldr	r2, [r3, #48]
  74 002a 42F00102 		orr	r2, r2, #1
  75 002e 1A63     		str	r2, [r3, #48]
  76              		.loc 1 252 3 view .LVU12
  77 0030 1A6B     		ldr	r2, [r3, #48]
  78 0032 02F00102 		and	r2, r2, #1
  79 0036 0192     		str	r2, [sp, #4]
  80              		.loc 1 252 3 view .LVU13
  81 0038 019A     		ldr	r2, [sp, #4]
  82              	.LBE5:
  83              		.loc 1 252 3 view .LVU14
 253:Core/Src/main.c ****   __HAL_RCC_GPIOG_CLK_ENABLE();
  84              		.loc 1 253 3 view .LVU15
  85              	.LBB6:
  86              		.loc 1 253 3 view .LVU16
  87 003a 0294     		str	r4, [sp, #8]
  88              		.loc 1 253 3 view .LVU17
  89 003c 1A6B     		ldr	r2, [r3, #48]
  90 003e 42F04002 		orr	r2, r2, #64
ARM GAS  C:\Users\TRONG-~1\AppData\Local\Temp\ccsG9MIj.s 			page 7


  91 0042 1A63     		str	r2, [r3, #48]
  92              		.loc 1 253 3 view .LVU18
  93 0044 1B6B     		ldr	r3, [r3, #48]
  94 0046 03F04003 		and	r3, r3, #64
  95 004a 0293     		str	r3, [sp, #8]
  96              		.loc 1 253 3 view .LVU19
  97 004c 029B     		ldr	r3, [sp, #8]
  98              	.LBE6:
  99              		.loc 1 253 3 view .LVU20
 254:Core/Src/main.c **** 
 255:Core/Src/main.c ****   /*Configure GPIO pin Output Level */
 256:Core/Src/main.c ****   HAL_GPIO_WritePin(GPIOA, GPIO_PIN_0, GPIO_PIN_RESET);
 100              		.loc 1 256 3 view .LVU21
 101 004e 124F     		ldr	r7, .L3+4
 102 0050 2246     		mov	r2, r4
 103 0052 0121     		movs	r1, #1
 104 0054 3846     		mov	r0, r7
 105 0056 FFF7FEFF 		bl	HAL_GPIO_WritePin
 106              	.LVL0:
 257:Core/Src/main.c **** 
 258:Core/Src/main.c ****   /*Configure GPIO pin Output Level */
 259:Core/Src/main.c ****   HAL_GPIO_WritePin(GPIOG, GPIO_PIN_13|GPIO_PIN_14, GPIO_PIN_RESET);
 107              		.loc 1 259 3 view .LVU22
 108 005a 104E     		ldr	r6, .L3+8
 109 005c 2246     		mov	r2, r4
 110 005e 4FF4C041 		mov	r1, #24576
 111 0062 3046     		mov	r0, r6
 112 0064 FFF7FEFF 		bl	HAL_GPIO_WritePin
 113              	.LVL1:
 260:Core/Src/main.c **** 
 261:Core/Src/main.c ****   /*Configure GPIO pin : PA0 */
 262:Core/Src/main.c ****   GPIO_InitStruct.Pin = GPIO_PIN_0;
 114              		.loc 1 262 3 view .LVU23
 115              		.loc 1 262 23 is_stmt 0 view .LVU24
 116 0068 0125     		movs	r5, #1
 117 006a 0395     		str	r5, [sp, #12]
 263:Core/Src/main.c ****   GPIO_InitStruct.Mode = GPIO_MODE_OUTPUT_PP;
 118              		.loc 1 263 3 is_stmt 1 view .LVU25
 119              		.loc 1 263 24 is_stmt 0 view .LVU26
 120 006c 0495     		str	r5, [sp, #16]
 264:Core/Src/main.c ****   GPIO_InitStruct.Pull = GPIO_NOPULL;
 121              		.loc 1 264 3 is_stmt 1 view .LVU27
 122              		.loc 1 264 24 is_stmt 0 view .LVU28
 123 006e 0594     		str	r4, [sp, #20]
 265:Core/Src/main.c ****   GPIO_InitStruct.Speed = GPIO_SPEED_FREQ_LOW;
 124              		.loc 1 265 3 is_stmt 1 view .LVU29
 125              		.loc 1 265 25 is_stmt 0 view .LVU30
 126 0070 0694     		str	r4, [sp, #24]
 266:Core/Src/main.c ****   HAL_GPIO_Init(GPIOA, &GPIO_InitStruct);
 127              		.loc 1 266 3 is_stmt 1 view .LVU31
 128 0072 03A9     		add	r1, sp, #12
 129 0074 3846     		mov	r0, r7
 130 0076 FFF7FEFF 		bl	HAL_GPIO_Init
 131              	.LVL2:
 267:Core/Src/main.c **** 
 268:Core/Src/main.c ****   /*Configure GPIO pins : PG13 PG14 */
 269:Core/Src/main.c ****   GPIO_InitStruct.Pin = GPIO_PIN_13|GPIO_PIN_14;
ARM GAS  C:\Users\TRONG-~1\AppData\Local\Temp\ccsG9MIj.s 			page 8


 132              		.loc 1 269 3 view .LVU32
 133              		.loc 1 269 23 is_stmt 0 view .LVU33
 134 007a 4FF4C043 		mov	r3, #24576
 135 007e 0393     		str	r3, [sp, #12]
 270:Core/Src/main.c ****   GPIO_InitStruct.Mode = GPIO_MODE_OUTPUT_PP;
 136              		.loc 1 270 3 is_stmt 1 view .LVU34
 137              		.loc 1 270 24 is_stmt 0 view .LVU35
 138 0080 0495     		str	r5, [sp, #16]
 271:Core/Src/main.c ****   GPIO_InitStruct.Pull = GPIO_NOPULL;
 139              		.loc 1 271 3 is_stmt 1 view .LVU36
 140              		.loc 1 271 24 is_stmt 0 view .LVU37
 141 0082 0594     		str	r4, [sp, #20]
 272:Core/Src/main.c ****   GPIO_InitStruct.Speed = GPIO_SPEED_FREQ_LOW;
 142              		.loc 1 272 3 is_stmt 1 view .LVU38
 143              		.loc 1 272 25 is_stmt 0 view .LVU39
 144 0084 0694     		str	r4, [sp, #24]
 273:Core/Src/main.c ****   HAL_GPIO_Init(GPIOG, &GPIO_InitStruct);
 145              		.loc 1 273 3 is_stmt 1 view .LVU40
 146 0086 03A9     		add	r1, sp, #12
 147 0088 3046     		mov	r0, r6
 148 008a FFF7FEFF 		bl	HAL_GPIO_Init
 149              	.LVL3:
 274:Core/Src/main.c **** 
 275:Core/Src/main.c **** }
 150              		.loc 1 275 1 is_stmt 0 view .LVU41
 151 008e 09B0     		add	sp, sp, #36
 152              	.LCFI2:
 153              		.cfi_def_cfa_offset 20
 154              		@ sp needed
 155 0090 F0BD     		pop	{r4, r5, r6, r7, pc}
 156              	.L4:
 157 0092 00BF     		.align	2
 158              	.L3:
 159 0094 00380240 		.word	1073887232
 160 0098 00000240 		.word	1073872896
 161 009c 00180240 		.word	1073879040
 162              		.cfi_endproc
 163              	.LFE141:
 165              		.section	.rodata.RetargetName.str1.4,"aMS",%progbits,1
 166              		.align	2
 167              	.LC0:
 168 0000 0A596F75 		.ascii	"\012Your name: \000"
 168      72206E61 
 168      6D653A20 
 168      00
 169 000d 000000   		.align	2
 170              	.LC1:
 171 0010 257300   		.ascii	"%s\000"
 172 0013 00       		.align	2
 173              	.LC2:
 174 0014 0A48656C 		.ascii	"\012Hello, %s!\012\000"
 174      6C6F2C20 
 174      2573210A 
 174      00
 175              		.section	.text.RetargetName,"ax",%progbits
 176              		.align	1
 177              		.global	RetargetName
ARM GAS  C:\Users\TRONG-~1\AppData\Local\Temp\ccsG9MIj.s 			page 9


 178              		.syntax unified
 179              		.thumb
 180              		.thumb_func
 181              		.fpu fpv4-sp-d16
 183              	RetargetName:
 184              	.LFB133:
  29:Core/Src/main.c ****   char buff[100];
 185              		.loc 1 29 1 is_stmt 1 view -0
 186              		.cfi_startproc
 187              		@ args = 0, pretend = 0, frame = 104
 188              		@ frame_needed = 0, uses_anonymous_args = 0
 189 0000 00B5     		push	{lr}
 190              	.LCFI3:
 191              		.cfi_def_cfa_offset 4
 192              		.cfi_offset 14, -4
 193 0002 9BB0     		sub	sp, sp, #108
 194              	.LCFI4:
 195              		.cfi_def_cfa_offset 112
  30:Core/Src/main.c ****   printf("\nYour name: ");
 196              		.loc 1 30 3 view .LVU43
  31:Core/Src/main.c ****   scanf("%s", buff);
 197              		.loc 1 31 3 view .LVU44
 198 0004 0648     		ldr	r0, .L7
 199 0006 FFF7FEFF 		bl	printf
 200              	.LVL4:
  32:Core/Src/main.c ****   printf("\nHello, %s!\n", buff);
 201              		.loc 1 32 3 view .LVU45
 202 000a 01A9     		add	r1, sp, #4
 203 000c 0548     		ldr	r0, .L7+4
 204 000e FFF7FEFF 		bl	scanf
 205              	.LVL5:
  33:Core/Src/main.c **** }
 206              		.loc 1 33 3 view .LVU46
 207 0012 01A9     		add	r1, sp, #4
 208 0014 0448     		ldr	r0, .L7+8
 209 0016 FFF7FEFF 		bl	printf
 210              	.LVL6:
  34:Core/Src/main.c **** 
 211              		.loc 1 34 1 is_stmt 0 view .LVU47
 212 001a 1BB0     		add	sp, sp, #108
 213              	.LCFI5:
 214              		.cfi_def_cfa_offset 4
 215              		@ sp needed
 216 001c 5DF804FB 		ldr	pc, [sp], #4
 217              	.L8:
 218              		.align	2
 219              	.L7:
 220 0020 00000000 		.word	.LC0
 221 0024 10000000 		.word	.LC1
 222 0028 14000000 		.word	.LC2
 223              		.cfi_endproc
 224              	.LFE133:
 226              		.section	.text.toggleled,"ax",%progbits
 227              		.align	1
 228              		.global	toggleled
 229              		.syntax unified
 230              		.thumb
ARM GAS  C:\Users\TRONG-~1\AppData\Local\Temp\ccsG9MIj.s 			page 10


 231              		.thumb_func
 232              		.fpu fpv4-sp-d16
 234              	toggleled:
 235              	.LFB134:
  37:Core/Src/main.c ****   while(1)
 236              		.loc 1 37 1 is_stmt 1 view -0
 237              		.cfi_startproc
 238              		@ Volatile: function does not return.
 239              		@ args = 0, pretend = 0, frame = 0
 240              		@ frame_needed = 0, uses_anonymous_args = 0
 241 0000 08B5     		push	{r3, lr}
 242              	.LCFI6:
 243              		.cfi_def_cfa_offset 8
 244              		.cfi_offset 3, -8
 245              		.cfi_offset 14, -4
 246              	.L10:
  38:Core/Src/main.c ****   {
 247              		.loc 1 38 3 discriminator 1 view .LVU49
  41:Core/Src/main.c **** 		  HAL_Delay(100);
 248              		.loc 1 41 7 discriminator 1 view .LVU50
 249 0002 4FF4C041 		mov	r1, #24576
 250 0006 0348     		ldr	r0, .L12
 251 0008 FFF7FEFF 		bl	HAL_GPIO_TogglePin
 252              	.LVL7:
  42:Core/Src/main.c ****       // if(cmd == (int)27)
 253              		.loc 1 42 5 discriminator 1 view .LVU51
 254 000c 6420     		movs	r0, #100
 255 000e FFF7FEFF 		bl	HAL_Delay
 256              	.LVL8:
  38:Core/Src/main.c ****   {
 257              		.loc 1 38 8 discriminator 1 view .LVU52
 258 0012 F6E7     		b	.L10
 259              	.L13:
 260              		.align	2
 261              	.L12:
 262 0014 00180240 		.word	1073879040
 263              		.cfi_endproc
 264              	.LFE134:
 266              		.section	.rodata.AdvanceLed.str1.4,"aMS",%progbits,1
 267              		.align	2
 268              	.LC3:
 269 0000 0A416C6C 		.ascii	"\012All led OFF!\000"
 269      206C6564 
 269      204F4646 
 269      2100
 270 000e 0000     		.align	2
 271              	.LC4:
 272 0010 0A4C6564 		.ascii	"\012Led green ON!\000"
 272      20677265 
 272      656E204F 
 272      4E2100
 273 001f 00       		.align	2
 274              	.LC5:
 275 0020 0A4C6564 		.ascii	"\012Led red ON!\000"
 275      20726564 
 275      204F4E21 
 275      00
ARM GAS  C:\Users\TRONG-~1\AppData\Local\Temp\ccsG9MIj.s 			page 11


 276 002d 000000   		.align	2
 277              	.LC6:
 278 0030 0A4E6861 		.ascii	"\012Nhap nhay!\000"
 278      70206E68 
 278      61792100 
 279              		.section	.text.AdvanceLed,"ax",%progbits
 280              		.align	1
 281              		.global	AdvanceLed
 282              		.syntax unified
 283              		.thumb
 284              		.thumb_func
 285              		.fpu fpv4-sp-d16
 287              	AdvanceLed:
 288              	.LFB135:
  51:Core/Src/main.c **** 
 289              		.loc 1 51 1 view -0
 290              		.cfi_startproc
 291              		@ Volatile: function does not return.
 292              		@ args = 0, pretend = 0, frame = 0
 293              		@ frame_needed = 0, uses_anonymous_args = 0
 294 0000 08B5     		push	{r3, lr}
 295              	.LCFI7:
 296              		.cfi_def_cfa_offset 8
 297              		.cfi_offset 3, -8
 298              		.cfi_offset 14, -4
  53:Core/Src/main.c ****   while(1)
 299              		.loc 1 53 3 view .LVU54
 300 0002 1F48     		ldr	r0, .L23
 301 0004 FFF7FEFF 		bl	printf
 302              	.LVL9:
 303 0008 08E0     		b	.L15
 304              	.L21:
  63:Core/Src/main.c ****           printf("\nAll led OFF!");
 305              		.loc 1 63 11 view .LVU55
 306 000a 0022     		movs	r2, #0
 307 000c 4FF4C041 		mov	r1, #24576
 308 0010 1C48     		ldr	r0, .L23+4
 309 0012 FFF7FEFF 		bl	HAL_GPIO_WritePin
 310              	.LVL10:
  64:Core/Src/main.c ****           break;
 311              		.loc 1 64 11 view .LVU56
 312 0016 1C48     		ldr	r0, .L23+8
 313 0018 FFF7FEFF 		bl	printf
 314              	.LVL11:
  65:Core/Src/main.c ****         case '1':
 315              		.loc 1 65 11 view .LVU57
 316              	.L15:
  54:Core/Src/main.c ****   {
 317              		.loc 1 54 3 view .LVU58
  57:Core/Src/main.c ****     {
 318              		.loc 1 57 5 view .LVU59
  57:Core/Src/main.c ****     {
 319              		.loc 1 57 8 is_stmt 0 view .LVU60
 320 001c 6423     		movs	r3, #100
 321 001e 0122     		movs	r2, #1
 322 0020 1A49     		ldr	r1, .L23+12
 323 0022 1B48     		ldr	r0, .L23+16
ARM GAS  C:\Users\TRONG-~1\AppData\Local\Temp\ccsG9MIj.s 			page 12


 324 0024 FFF7FEFF 		bl	HAL_UART_Receive
 325              	.LVL12:
  57:Core/Src/main.c ****     {
 326              		.loc 1 57 7 view .LVU61
 327 0028 0028     		cmp	r0, #0
 328 002a F7D1     		bne	.L15
  60:Core/Src/main.c ****       {
 329              		.loc 1 60 7 is_stmt 1 view .LVU62
 330 002c 174B     		ldr	r3, .L23+12
 331 002e 1B78     		ldrb	r3, [r3]	@ zero_extendqisi2
 332 0030 303B     		subs	r3, r3, #48
 333 0032 032B     		cmp	r3, #3
 334 0034 F2D8     		bhi	.L15
 335 0036 01A2     		adr	r2, .L18
 336 0038 52F823F0 		ldr	pc, [r2, r3, lsl #2]
 337              		.p2align 2
 338              	.L18:
 339 003c 0B000000 		.word	.L21+1
 340 0040 4D000000 		.word	.L20+1
 341 0044 61000000 		.word	.L19+1
 342 0048 75000000 		.word	.L17+1
 343              		.p2align 1
 344              	.L20:
  67:Core/Src/main.c ****           printf("\nLed green ON!");
 345              		.loc 1 67 11 view .LVU63
 346 004c 0122     		movs	r2, #1
 347 004e 4FF40051 		mov	r1, #8192
 348 0052 0C48     		ldr	r0, .L23+4
 349 0054 FFF7FEFF 		bl	HAL_GPIO_WritePin
 350              	.LVL13:
  68:Core/Src/main.c ****           break;
 351              		.loc 1 68 11 view .LVU64
 352 0058 0E48     		ldr	r0, .L23+20
 353 005a FFF7FEFF 		bl	printf
 354              	.LVL14:
  69:Core/Src/main.c ****         case '2':
 355              		.loc 1 69 11 view .LVU65
 356 005e DDE7     		b	.L15
 357              	.L19:
  71:Core/Src/main.c ****           printf("\nLed red ON!");
 358              		.loc 1 71 11 view .LVU66
 359 0060 0122     		movs	r2, #1
 360 0062 4FF48041 		mov	r1, #16384
 361 0066 0748     		ldr	r0, .L23+4
 362 0068 FFF7FEFF 		bl	HAL_GPIO_WritePin
 363              	.LVL15:
  72:Core/Src/main.c ****           break;
 364              		.loc 1 72 11 view .LVU67
 365 006c 0A48     		ldr	r0, .L23+24
 366 006e FFF7FEFF 		bl	printf
 367              	.LVL16:
  73:Core/Src/main.c ****         case '3':
 368              		.loc 1 73 11 view .LVU68
 369 0072 D3E7     		b	.L15
 370              	.L17:
  75:Core/Src/main.c ****           toggleled();
 371              		.loc 1 75 11 view .LVU69
ARM GAS  C:\Users\TRONG-~1\AppData\Local\Temp\ccsG9MIj.s 			page 13


 372 0074 0948     		ldr	r0, .L23+28
 373 0076 FFF7FEFF 		bl	printf
 374              	.LVL17:
  76:Core/Src/main.c **** 
 375              		.loc 1 76 11 view .LVU70
 376 007a FFF7FEFF 		bl	toggleled
 377              	.LVL18:
 378              	.L24:
 379 007e 00BF     		.align	2
 380              	.L23:
 381 0080 00000000 		.word	.LANCHOR0
 382 0084 00180240 		.word	1073879040
 383 0088 00000000 		.word	.LC3
 384 008c 00000000 		.word	.LANCHOR1
 385 0090 00000000 		.word	.LANCHOR2
 386 0094 10000000 		.word	.LC4
 387 0098 20000000 		.word	.LC5
 388 009c 30000000 		.word	.LC6
 389              		.cfi_endproc
 390              	.LFE135:
 392              		.section	.text.HAL_TIM_PeriodElapsedCallback,"ax",%progbits
 393              		.align	1
 394              		.global	HAL_TIM_PeriodElapsedCallback
 395              		.syntax unified
 396              		.thumb
 397              		.thumb_func
 398              		.fpu fpv4-sp-d16
 400              	HAL_TIM_PeriodElapsedCallback:
 401              	.LVL19:
 402              	.LFB136:
  83:Core/Src/main.c ****   // Check which version of the timer triggered this callback and toggle LED
 403              		.loc 1 83 1 view -0
 404              		.cfi_startproc
 405              		@ args = 0, pretend = 0, frame = 0
 406              		@ frame_needed = 0, uses_anonymous_args = 0
  83:Core/Src/main.c ****   // Check which version of the timer triggered this callback and toggle LED
 407              		.loc 1 83 1 is_stmt 0 view .LVU72
 408 0000 08B5     		push	{r3, lr}
 409              	.LCFI8:
 410              		.cfi_def_cfa_offset 8
 411              		.cfi_offset 3, -8
 412              		.cfi_offset 14, -4
  85:Core/Src/main.c **** 
 413              		.loc 1 85 3 is_stmt 1 view .LVU73
  87:Core/Src/main.c ****   {
 414              		.loc 1 87 3 view .LVU74
  87:Core/Src/main.c ****   {
 415              		.loc 1 87 6 is_stmt 0 view .LVU75
 416 0002 054B     		ldr	r3, .L29
 417 0004 8342     		cmp	r3, r0
 418 0006 00D0     		beq	.L28
 419              	.LVL20:
 420              	.L25:
  91:Core/Src/main.c **** 
 421              		.loc 1 91 1 view .LVU76
 422 0008 08BD     		pop	{r3, pc}
 423              	.LVL21:
ARM GAS  C:\Users\TRONG-~1\AppData\Local\Temp\ccsG9MIj.s 			page 14


 424              	.L28:
  89:Core/Src/main.c ****   }
 425              		.loc 1 89 5 is_stmt 1 view .LVU77
 426 000a 4FF40051 		mov	r1, #8192
 427 000e 0348     		ldr	r0, .L29+4
 428              	.LVL22:
  89:Core/Src/main.c ****   }
 429              		.loc 1 89 5 is_stmt 0 view .LVU78
 430 0010 FFF7FEFF 		bl	HAL_GPIO_TogglePin
 431              	.LVL23:
  91:Core/Src/main.c **** 
 432              		.loc 1 91 1 view .LVU79
 433 0014 F8E7     		b	.L25
 434              	.L30:
 435 0016 00BF     		.align	2
 436              	.L29:
 437 0018 00000000 		.word	.LANCHOR3
 438 001c 00180240 		.word	1073879040
 439              		.cfi_endproc
 440              	.LFE136:
 442              		.section	.text.Error_Handler,"ax",%progbits
 443              		.align	1
 444              		.global	Error_Handler
 445              		.syntax unified
 446              		.thumb
 447              		.thumb_func
 448              		.fpu fpv4-sp-d16
 450              	Error_Handler:
 451              	.LFB142:
 276:Core/Src/main.c **** 
 277:Core/Src/main.c **** void Error_Handler(void)
 278:Core/Src/main.c **** {
 452              		.loc 1 278 1 is_stmt 1 view -0
 453              		.cfi_startproc
 454              		@ Volatile: function does not return.
 455              		@ args = 0, pretend = 0, frame = 0
 456              		@ frame_needed = 0, uses_anonymous_args = 0
 457              		@ link register save eliminated.
 279:Core/Src/main.c ****   /* USER CODE BEGIN Error_Handler_Debug */
 280:Core/Src/main.c ****   /* User can add his own implementation to report the HAL error return state */
 281:Core/Src/main.c ****   __disable_irq();
 458              		.loc 1 281 3 view .LVU81
 459              	.LBB7:
 460              	.LBI7:
 461              		.file 2 "Drivers/CMSIS/Include/cmsis_gcc.h"
   1:Drivers/CMSIS/Include/cmsis_gcc.h **** /**************************************************************************//**
   2:Drivers/CMSIS/Include/cmsis_gcc.h ****  * @file     cmsis_gcc.h
   3:Drivers/CMSIS/Include/cmsis_gcc.h ****  * @brief    CMSIS compiler GCC header file
   4:Drivers/CMSIS/Include/cmsis_gcc.h ****  * @version  V5.0.4
   5:Drivers/CMSIS/Include/cmsis_gcc.h ****  * @date     09. April 2018
   6:Drivers/CMSIS/Include/cmsis_gcc.h ****  ******************************************************************************/
   7:Drivers/CMSIS/Include/cmsis_gcc.h **** /*
   8:Drivers/CMSIS/Include/cmsis_gcc.h ****  * Copyright (c) 2009-2018 Arm Limited. All rights reserved.
   9:Drivers/CMSIS/Include/cmsis_gcc.h ****  *
  10:Drivers/CMSIS/Include/cmsis_gcc.h ****  * SPDX-License-Identifier: Apache-2.0
  11:Drivers/CMSIS/Include/cmsis_gcc.h ****  *
  12:Drivers/CMSIS/Include/cmsis_gcc.h ****  * Licensed under the Apache License, Version 2.0 (the License); you may
ARM GAS  C:\Users\TRONG-~1\AppData\Local\Temp\ccsG9MIj.s 			page 15


  13:Drivers/CMSIS/Include/cmsis_gcc.h ****  * not use this file except in compliance with the License.
  14:Drivers/CMSIS/Include/cmsis_gcc.h ****  * You may obtain a copy of the License at
  15:Drivers/CMSIS/Include/cmsis_gcc.h ****  *
  16:Drivers/CMSIS/Include/cmsis_gcc.h ****  * www.apache.org/licenses/LICENSE-2.0
  17:Drivers/CMSIS/Include/cmsis_gcc.h ****  *
  18:Drivers/CMSIS/Include/cmsis_gcc.h ****  * Unless required by applicable law or agreed to in writing, software
  19:Drivers/CMSIS/Include/cmsis_gcc.h ****  * distributed under the License is distributed on an AS IS BASIS, WITHOUT
  20:Drivers/CMSIS/Include/cmsis_gcc.h ****  * WARRANTIES OR CONDITIONS OF ANY KIND, either express or implied.
  21:Drivers/CMSIS/Include/cmsis_gcc.h ****  * See the License for the specific language governing permissions and
  22:Drivers/CMSIS/Include/cmsis_gcc.h ****  * limitations under the License.
  23:Drivers/CMSIS/Include/cmsis_gcc.h ****  */
  24:Drivers/CMSIS/Include/cmsis_gcc.h **** 
  25:Drivers/CMSIS/Include/cmsis_gcc.h **** #ifndef __CMSIS_GCC_H
  26:Drivers/CMSIS/Include/cmsis_gcc.h **** #define __CMSIS_GCC_H
  27:Drivers/CMSIS/Include/cmsis_gcc.h **** 
  28:Drivers/CMSIS/Include/cmsis_gcc.h **** /* ignore some GCC warnings */
  29:Drivers/CMSIS/Include/cmsis_gcc.h **** #pragma GCC diagnostic push
  30:Drivers/CMSIS/Include/cmsis_gcc.h **** #pragma GCC diagnostic ignored "-Wsign-conversion"
  31:Drivers/CMSIS/Include/cmsis_gcc.h **** #pragma GCC diagnostic ignored "-Wconversion"
  32:Drivers/CMSIS/Include/cmsis_gcc.h **** #pragma GCC diagnostic ignored "-Wunused-parameter"
  33:Drivers/CMSIS/Include/cmsis_gcc.h **** 
  34:Drivers/CMSIS/Include/cmsis_gcc.h **** /* Fallback for __has_builtin */
  35:Drivers/CMSIS/Include/cmsis_gcc.h **** #ifndef __has_builtin
  36:Drivers/CMSIS/Include/cmsis_gcc.h ****   #define __has_builtin(x) (0)
  37:Drivers/CMSIS/Include/cmsis_gcc.h **** #endif
  38:Drivers/CMSIS/Include/cmsis_gcc.h **** 
  39:Drivers/CMSIS/Include/cmsis_gcc.h **** /* CMSIS compiler specific defines */
  40:Drivers/CMSIS/Include/cmsis_gcc.h **** #ifndef   __ASM
  41:Drivers/CMSIS/Include/cmsis_gcc.h ****   #define __ASM                                  __asm
  42:Drivers/CMSIS/Include/cmsis_gcc.h **** #endif
  43:Drivers/CMSIS/Include/cmsis_gcc.h **** #ifndef   __INLINE
  44:Drivers/CMSIS/Include/cmsis_gcc.h ****   #define __INLINE                               inline
  45:Drivers/CMSIS/Include/cmsis_gcc.h **** #endif
  46:Drivers/CMSIS/Include/cmsis_gcc.h **** #ifndef   __STATIC_INLINE
  47:Drivers/CMSIS/Include/cmsis_gcc.h ****   #define __STATIC_INLINE                        static inline
  48:Drivers/CMSIS/Include/cmsis_gcc.h **** #endif
  49:Drivers/CMSIS/Include/cmsis_gcc.h **** #ifndef   __STATIC_FORCEINLINE                 
  50:Drivers/CMSIS/Include/cmsis_gcc.h ****   #define __STATIC_FORCEINLINE                   __attribute__((always_inline)) static inline
  51:Drivers/CMSIS/Include/cmsis_gcc.h **** #endif                                           
  52:Drivers/CMSIS/Include/cmsis_gcc.h **** #ifndef   __NO_RETURN
  53:Drivers/CMSIS/Include/cmsis_gcc.h ****   #define __NO_RETURN                            __attribute__((__noreturn__))
  54:Drivers/CMSIS/Include/cmsis_gcc.h **** #endif
  55:Drivers/CMSIS/Include/cmsis_gcc.h **** #ifndef   __USED
  56:Drivers/CMSIS/Include/cmsis_gcc.h ****   #define __USED                                 __attribute__((used))
  57:Drivers/CMSIS/Include/cmsis_gcc.h **** #endif
  58:Drivers/CMSIS/Include/cmsis_gcc.h **** #ifndef   __WEAK
  59:Drivers/CMSIS/Include/cmsis_gcc.h ****   #define __WEAK                                 __attribute__((weak))
  60:Drivers/CMSIS/Include/cmsis_gcc.h **** #endif
  61:Drivers/CMSIS/Include/cmsis_gcc.h **** #ifndef   __PACKED
  62:Drivers/CMSIS/Include/cmsis_gcc.h ****   #define __PACKED                               __attribute__((packed, aligned(1)))
  63:Drivers/CMSIS/Include/cmsis_gcc.h **** #endif
  64:Drivers/CMSIS/Include/cmsis_gcc.h **** #ifndef   __PACKED_STRUCT
  65:Drivers/CMSIS/Include/cmsis_gcc.h ****   #define __PACKED_STRUCT                        struct __attribute__((packed, aligned(1)))
  66:Drivers/CMSIS/Include/cmsis_gcc.h **** #endif
  67:Drivers/CMSIS/Include/cmsis_gcc.h **** #ifndef   __PACKED_UNION
  68:Drivers/CMSIS/Include/cmsis_gcc.h ****   #define __PACKED_UNION                         union __attribute__((packed, aligned(1)))
  69:Drivers/CMSIS/Include/cmsis_gcc.h **** #endif
ARM GAS  C:\Users\TRONG-~1\AppData\Local\Temp\ccsG9MIj.s 			page 16


  70:Drivers/CMSIS/Include/cmsis_gcc.h **** #ifndef   __UNALIGNED_UINT32        /* deprecated */
  71:Drivers/CMSIS/Include/cmsis_gcc.h ****   #pragma GCC diagnostic push
  72:Drivers/CMSIS/Include/cmsis_gcc.h ****   #pragma GCC diagnostic ignored "-Wpacked"
  73:Drivers/CMSIS/Include/cmsis_gcc.h ****   #pragma GCC diagnostic ignored "-Wattributes"
  74:Drivers/CMSIS/Include/cmsis_gcc.h ****   struct __attribute__((packed)) T_UINT32 { uint32_t v; };
  75:Drivers/CMSIS/Include/cmsis_gcc.h ****   #pragma GCC diagnostic pop
  76:Drivers/CMSIS/Include/cmsis_gcc.h ****   #define __UNALIGNED_UINT32(x)                  (((struct T_UINT32 *)(x))->v)
  77:Drivers/CMSIS/Include/cmsis_gcc.h **** #endif
  78:Drivers/CMSIS/Include/cmsis_gcc.h **** #ifndef   __UNALIGNED_UINT16_WRITE
  79:Drivers/CMSIS/Include/cmsis_gcc.h ****   #pragma GCC diagnostic push
  80:Drivers/CMSIS/Include/cmsis_gcc.h ****   #pragma GCC diagnostic ignored "-Wpacked"
  81:Drivers/CMSIS/Include/cmsis_gcc.h ****   #pragma GCC diagnostic ignored "-Wattributes"
  82:Drivers/CMSIS/Include/cmsis_gcc.h ****   __PACKED_STRUCT T_UINT16_WRITE { uint16_t v; };
  83:Drivers/CMSIS/Include/cmsis_gcc.h ****   #pragma GCC diagnostic pop
  84:Drivers/CMSIS/Include/cmsis_gcc.h ****   #define __UNALIGNED_UINT16_WRITE(addr, val)    (void)((((struct T_UINT16_WRITE *)(void *)(addr))-
  85:Drivers/CMSIS/Include/cmsis_gcc.h **** #endif
  86:Drivers/CMSIS/Include/cmsis_gcc.h **** #ifndef   __UNALIGNED_UINT16_READ
  87:Drivers/CMSIS/Include/cmsis_gcc.h ****   #pragma GCC diagnostic push
  88:Drivers/CMSIS/Include/cmsis_gcc.h ****   #pragma GCC diagnostic ignored "-Wpacked"
  89:Drivers/CMSIS/Include/cmsis_gcc.h ****   #pragma GCC diagnostic ignored "-Wattributes"
  90:Drivers/CMSIS/Include/cmsis_gcc.h ****   __PACKED_STRUCT T_UINT16_READ { uint16_t v; };
  91:Drivers/CMSIS/Include/cmsis_gcc.h ****   #pragma GCC diagnostic pop
  92:Drivers/CMSIS/Include/cmsis_gcc.h ****   #define __UNALIGNED_UINT16_READ(addr)          (((const struct T_UINT16_READ *)(const void *)(add
  93:Drivers/CMSIS/Include/cmsis_gcc.h **** #endif
  94:Drivers/CMSIS/Include/cmsis_gcc.h **** #ifndef   __UNALIGNED_UINT32_WRITE
  95:Drivers/CMSIS/Include/cmsis_gcc.h ****   #pragma GCC diagnostic push
  96:Drivers/CMSIS/Include/cmsis_gcc.h ****   #pragma GCC diagnostic ignored "-Wpacked"
  97:Drivers/CMSIS/Include/cmsis_gcc.h ****   #pragma GCC diagnostic ignored "-Wattributes"
  98:Drivers/CMSIS/Include/cmsis_gcc.h ****   __PACKED_STRUCT T_UINT32_WRITE { uint32_t v; };
  99:Drivers/CMSIS/Include/cmsis_gcc.h ****   #pragma GCC diagnostic pop
 100:Drivers/CMSIS/Include/cmsis_gcc.h ****   #define __UNALIGNED_UINT32_WRITE(addr, val)    (void)((((struct T_UINT32_WRITE *)(void *)(addr))-
 101:Drivers/CMSIS/Include/cmsis_gcc.h **** #endif
 102:Drivers/CMSIS/Include/cmsis_gcc.h **** #ifndef   __UNALIGNED_UINT32_READ
 103:Drivers/CMSIS/Include/cmsis_gcc.h ****   #pragma GCC diagnostic push
 104:Drivers/CMSIS/Include/cmsis_gcc.h ****   #pragma GCC diagnostic ignored "-Wpacked"
 105:Drivers/CMSIS/Include/cmsis_gcc.h ****   #pragma GCC diagnostic ignored "-Wattributes"
 106:Drivers/CMSIS/Include/cmsis_gcc.h ****   __PACKED_STRUCT T_UINT32_READ { uint32_t v; };
 107:Drivers/CMSIS/Include/cmsis_gcc.h ****   #pragma GCC diagnostic pop
 108:Drivers/CMSIS/Include/cmsis_gcc.h ****   #define __UNALIGNED_UINT32_READ(addr)          (((const struct T_UINT32_READ *)(const void *)(add
 109:Drivers/CMSIS/Include/cmsis_gcc.h **** #endif
 110:Drivers/CMSIS/Include/cmsis_gcc.h **** #ifndef   __ALIGNED
 111:Drivers/CMSIS/Include/cmsis_gcc.h ****   #define __ALIGNED(x)                           __attribute__((aligned(x)))
 112:Drivers/CMSIS/Include/cmsis_gcc.h **** #endif
 113:Drivers/CMSIS/Include/cmsis_gcc.h **** #ifndef   __RESTRICT
 114:Drivers/CMSIS/Include/cmsis_gcc.h ****   #define __RESTRICT                             __restrict
 115:Drivers/CMSIS/Include/cmsis_gcc.h **** #endif
 116:Drivers/CMSIS/Include/cmsis_gcc.h **** 
 117:Drivers/CMSIS/Include/cmsis_gcc.h **** 
 118:Drivers/CMSIS/Include/cmsis_gcc.h **** /* ###########################  Core Function Access  ########################### */
 119:Drivers/CMSIS/Include/cmsis_gcc.h **** /** \ingroup  CMSIS_Core_FunctionInterface
 120:Drivers/CMSIS/Include/cmsis_gcc.h ****     \defgroup CMSIS_Core_RegAccFunctions CMSIS Core Register Access Functions
 121:Drivers/CMSIS/Include/cmsis_gcc.h ****   @{
 122:Drivers/CMSIS/Include/cmsis_gcc.h ****  */
 123:Drivers/CMSIS/Include/cmsis_gcc.h **** 
 124:Drivers/CMSIS/Include/cmsis_gcc.h **** /**
 125:Drivers/CMSIS/Include/cmsis_gcc.h ****   \brief   Enable IRQ Interrupts
 126:Drivers/CMSIS/Include/cmsis_gcc.h ****   \details Enables IRQ interrupts by clearing the I-bit in the CPSR.
ARM GAS  C:\Users\TRONG-~1\AppData\Local\Temp\ccsG9MIj.s 			page 17


 127:Drivers/CMSIS/Include/cmsis_gcc.h ****            Can only be executed in Privileged modes.
 128:Drivers/CMSIS/Include/cmsis_gcc.h ****  */
 129:Drivers/CMSIS/Include/cmsis_gcc.h **** __STATIC_FORCEINLINE void __enable_irq(void)
 130:Drivers/CMSIS/Include/cmsis_gcc.h **** {
 131:Drivers/CMSIS/Include/cmsis_gcc.h ****   __ASM volatile ("cpsie i" : : : "memory");
 132:Drivers/CMSIS/Include/cmsis_gcc.h **** }
 133:Drivers/CMSIS/Include/cmsis_gcc.h **** 
 134:Drivers/CMSIS/Include/cmsis_gcc.h **** 
 135:Drivers/CMSIS/Include/cmsis_gcc.h **** /**
 136:Drivers/CMSIS/Include/cmsis_gcc.h ****   \brief   Disable IRQ Interrupts
 137:Drivers/CMSIS/Include/cmsis_gcc.h ****   \details Disables IRQ interrupts by setting the I-bit in the CPSR.
 138:Drivers/CMSIS/Include/cmsis_gcc.h ****            Can only be executed in Privileged modes.
 139:Drivers/CMSIS/Include/cmsis_gcc.h ****  */
 140:Drivers/CMSIS/Include/cmsis_gcc.h **** __STATIC_FORCEINLINE void __disable_irq(void)
 462              		.loc 2 140 27 view .LVU82
 463              	.LBB8:
 141:Drivers/CMSIS/Include/cmsis_gcc.h **** {
 142:Drivers/CMSIS/Include/cmsis_gcc.h ****   __ASM volatile ("cpsid i" : : : "memory");
 464              		.loc 2 142 3 view .LVU83
 465              		.syntax unified
 466              	@ 142 "Drivers/CMSIS/Include/cmsis_gcc.h" 1
 467 0000 72B6     		cpsid i
 468              	@ 0 "" 2
 469              		.thumb
 470              		.syntax unified
 471              	.L32:
 472              	.LBE8:
 473              	.LBE7:
 282:Core/Src/main.c ****   while (1)
 474              		.loc 1 282 3 discriminator 1 view .LVU84
 283:Core/Src/main.c ****   {
 284:Core/Src/main.c ****   }
 475              		.loc 1 284 3 discriminator 1 view .LVU85
 282:Core/Src/main.c ****   while (1)
 476              		.loc 1 282 9 discriminator 1 view .LVU86
 477 0002 FEE7     		b	.L32
 478              		.cfi_endproc
 479              	.LFE142:
 481              		.section	.text.MX_TIM2_Init,"ax",%progbits
 482              		.align	1
 483              		.syntax unified
 484              		.thumb
 485              		.thumb_func
 486              		.fpu fpv4-sp-d16
 488              	MX_TIM2_Init:
 489              	.LFB139:
 185:Core/Src/main.c **** 
 490              		.loc 1 185 1 view -0
 491              		.cfi_startproc
 492              		@ args = 0, pretend = 0, frame = 24
 493              		@ frame_needed = 0, uses_anonymous_args = 0
 494 0000 00B5     		push	{lr}
 495              	.LCFI9:
 496              		.cfi_def_cfa_offset 4
 497              		.cfi_offset 14, -4
 498 0002 87B0     		sub	sp, sp, #28
 499              	.LCFI10:
ARM GAS  C:\Users\TRONG-~1\AppData\Local\Temp\ccsG9MIj.s 			page 18


 500              		.cfi_def_cfa_offset 32
 191:Core/Src/main.c ****   TIM_MasterConfigTypeDef sMasterConfig = {0};
 501              		.loc 1 191 3 view .LVU88
 191:Core/Src/main.c ****   TIM_MasterConfigTypeDef sMasterConfig = {0};
 502              		.loc 1 191 26 is_stmt 0 view .LVU89
 503 0004 0023     		movs	r3, #0
 504 0006 0293     		str	r3, [sp, #8]
 505 0008 0393     		str	r3, [sp, #12]
 506 000a 0493     		str	r3, [sp, #16]
 507 000c 0593     		str	r3, [sp, #20]
 192:Core/Src/main.c **** 
 508              		.loc 1 192 3 is_stmt 1 view .LVU90
 192:Core/Src/main.c **** 
 509              		.loc 1 192 27 is_stmt 0 view .LVU91
 510 000e 0093     		str	r3, [sp]
 511 0010 0193     		str	r3, [sp, #4]
 198:Core/Src/main.c ****   htim2.Init.Prescaler = 16000;
 512              		.loc 1 198 3 is_stmt 1 view .LVU92
 198:Core/Src/main.c ****   htim2.Init.Prescaler = 16000;
 513              		.loc 1 198 18 is_stmt 0 view .LVU93
 514 0012 1448     		ldr	r0, .L41
 515 0014 4FF08042 		mov	r2, #1073741824
 516 0018 0260     		str	r2, [r0]
 199:Core/Src/main.c ****   htim2.Init.CounterMode = TIM_COUNTERMODE_UP;
 517              		.loc 1 199 3 is_stmt 1 view .LVU94
 199:Core/Src/main.c ****   htim2.Init.CounterMode = TIM_COUNTERMODE_UP;
 518              		.loc 1 199 24 is_stmt 0 view .LVU95
 519 001a 4FF47A52 		mov	r2, #16000
 520 001e 4260     		str	r2, [r0, #4]
 200:Core/Src/main.c ****   htim2.Init.Period = 250;
 521              		.loc 1 200 3 is_stmt 1 view .LVU96
 200:Core/Src/main.c ****   htim2.Init.Period = 250;
 522              		.loc 1 200 26 is_stmt 0 view .LVU97
 523 0020 8360     		str	r3, [r0, #8]
 201:Core/Src/main.c ****   htim2.Init.ClockDivision = TIM_CLOCKDIVISION_DIV1;
 524              		.loc 1 201 3 is_stmt 1 view .LVU98
 201:Core/Src/main.c ****   htim2.Init.ClockDivision = TIM_CLOCKDIVISION_DIV1;
 525              		.loc 1 201 21 is_stmt 0 view .LVU99
 526 0022 FA22     		movs	r2, #250
 527 0024 C260     		str	r2, [r0, #12]
 202:Core/Src/main.c ****   htim2.Init.AutoReloadPreload = TIM_AUTORELOAD_PRELOAD_DISABLE;
 528              		.loc 1 202 3 is_stmt 1 view .LVU100
 202:Core/Src/main.c ****   htim2.Init.AutoReloadPreload = TIM_AUTORELOAD_PRELOAD_DISABLE;
 529              		.loc 1 202 28 is_stmt 0 view .LVU101
 530 0026 0361     		str	r3, [r0, #16]
 203:Core/Src/main.c ****   if (HAL_TIM_Base_Init(&htim2) != HAL_OK)
 531              		.loc 1 203 3 is_stmt 1 view .LVU102
 203:Core/Src/main.c ****   if (HAL_TIM_Base_Init(&htim2) != HAL_OK)
 532              		.loc 1 203 32 is_stmt 0 view .LVU103
 533 0028 8361     		str	r3, [r0, #24]
 204:Core/Src/main.c ****   {
 534              		.loc 1 204 3 is_stmt 1 view .LVU104
 204:Core/Src/main.c ****   {
 535              		.loc 1 204 7 is_stmt 0 view .LVU105
 536 002a FFF7FEFF 		bl	HAL_TIM_Base_Init
 537              	.LVL24:
 204:Core/Src/main.c ****   {
ARM GAS  C:\Users\TRONG-~1\AppData\Local\Temp\ccsG9MIj.s 			page 19


 538              		.loc 1 204 6 view .LVU106
 539 002e 98B9     		cbnz	r0, .L38
 208:Core/Src/main.c ****   if (HAL_TIM_ConfigClockSource(&htim2, &sClockSourceConfig) != HAL_OK)
 540              		.loc 1 208 3 is_stmt 1 view .LVU107
 208:Core/Src/main.c ****   if (HAL_TIM_ConfigClockSource(&htim2, &sClockSourceConfig) != HAL_OK)
 541              		.loc 1 208 34 is_stmt 0 view .LVU108
 542 0030 4FF48053 		mov	r3, #4096
 543 0034 0293     		str	r3, [sp, #8]
 209:Core/Src/main.c ****   {
 544              		.loc 1 209 3 is_stmt 1 view .LVU109
 209:Core/Src/main.c ****   {
 545              		.loc 1 209 7 is_stmt 0 view .LVU110
 546 0036 02A9     		add	r1, sp, #8
 547 0038 0A48     		ldr	r0, .L41
 548 003a FFF7FEFF 		bl	HAL_TIM_ConfigClockSource
 549              	.LVL25:
 209:Core/Src/main.c ****   {
 550              		.loc 1 209 6 view .LVU111
 551 003e 68B9     		cbnz	r0, .L39
 213:Core/Src/main.c ****   sMasterConfig.MasterSlaveMode = TIM_MASTERSLAVEMODE_DISABLE;
 552              		.loc 1 213 3 is_stmt 1 view .LVU112
 213:Core/Src/main.c ****   sMasterConfig.MasterSlaveMode = TIM_MASTERSLAVEMODE_DISABLE;
 553              		.loc 1 213 37 is_stmt 0 view .LVU113
 554 0040 2023     		movs	r3, #32
 555 0042 0093     		str	r3, [sp]
 214:Core/Src/main.c ****   if (HAL_TIMEx_MasterConfigSynchronization(&htim2, &sMasterConfig) != HAL_OK)
 556              		.loc 1 214 3 is_stmt 1 view .LVU114
 214:Core/Src/main.c ****   if (HAL_TIMEx_MasterConfigSynchronization(&htim2, &sMasterConfig) != HAL_OK)
 557              		.loc 1 214 33 is_stmt 0 view .LVU115
 558 0044 0023     		movs	r3, #0
 559 0046 0193     		str	r3, [sp, #4]
 215:Core/Src/main.c ****   {
 560              		.loc 1 215 3 is_stmt 1 view .LVU116
 215:Core/Src/main.c ****   {
 561              		.loc 1 215 7 is_stmt 0 view .LVU117
 562 0048 6946     		mov	r1, sp
 563 004a 0648     		ldr	r0, .L41
 564 004c FFF7FEFF 		bl	HAL_TIMEx_MasterConfigSynchronization
 565              	.LVL26:
 215:Core/Src/main.c ****   {
 566              		.loc 1 215 6 view .LVU118
 567 0050 30B9     		cbnz	r0, .L40
 223:Core/Src/main.c **** 
 568              		.loc 1 223 1 view .LVU119
 569 0052 07B0     		add	sp, sp, #28
 570              	.LCFI11:
 571              		.cfi_remember_state
 572              		.cfi_def_cfa_offset 4
 573              		@ sp needed
 574 0054 5DF804FB 		ldr	pc, [sp], #4
 575              	.L38:
 576              	.LCFI12:
 577              		.cfi_restore_state
 206:Core/Src/main.c ****   }
 578              		.loc 1 206 5 is_stmt 1 view .LVU120
 579 0058 FFF7FEFF 		bl	Error_Handler
 580              	.LVL27:
ARM GAS  C:\Users\TRONG-~1\AppData\Local\Temp\ccsG9MIj.s 			page 20


 581              	.L39:
 211:Core/Src/main.c ****   }
 582              		.loc 1 211 5 view .LVU121
 583 005c FFF7FEFF 		bl	Error_Handler
 584              	.LVL28:
 585              	.L40:
 217:Core/Src/main.c ****   }
 586              		.loc 1 217 5 view .LVU122
 587 0060 FFF7FEFF 		bl	Error_Handler
 588              	.LVL29:
 589              	.L42:
 590              		.align	2
 591              	.L41:
 592 0064 00000000 		.word	.LANCHOR3
 593              		.cfi_endproc
 594              	.LFE139:
 596              		.section	.text.MX_USART1_UART_Init,"ax",%progbits
 597              		.align	1
 598              		.syntax unified
 599              		.thumb
 600              		.thumb_func
 601              		.fpu fpv4-sp-d16
 603              	MX_USART1_UART_Init:
 604              	.LFB140:
 226:Core/Src/main.c ****   /* USER CODE END USART1_Init 1 */
 605              		.loc 1 226 1 view -0
 606              		.cfi_startproc
 607              		@ args = 0, pretend = 0, frame = 0
 608              		@ frame_needed = 0, uses_anonymous_args = 0
 609 0000 08B5     		push	{r3, lr}
 610              	.LCFI13:
 611              		.cfi_def_cfa_offset 8
 612              		.cfi_offset 3, -8
 613              		.cfi_offset 14, -4
 228:Core/Src/main.c ****   huart1.Init.BaudRate = 9600;
 614              		.loc 1 228 3 view .LVU124
 228:Core/Src/main.c ****   huart1.Init.BaudRate = 9600;
 615              		.loc 1 228 19 is_stmt 0 view .LVU125
 616 0002 0A48     		ldr	r0, .L47
 617 0004 0A4B     		ldr	r3, .L47+4
 618 0006 0360     		str	r3, [r0]
 229:Core/Src/main.c ****   huart1.Init.WordLength = UART_WORDLENGTH_8B;
 619              		.loc 1 229 3 is_stmt 1 view .LVU126
 229:Core/Src/main.c ****   huart1.Init.WordLength = UART_WORDLENGTH_8B;
 620              		.loc 1 229 24 is_stmt 0 view .LVU127
 621 0008 4FF41653 		mov	r3, #9600
 622 000c 4360     		str	r3, [r0, #4]
 230:Core/Src/main.c ****   huart1.Init.StopBits = UART_STOPBITS_1;
 623              		.loc 1 230 3 is_stmt 1 view .LVU128
 230:Core/Src/main.c ****   huart1.Init.StopBits = UART_STOPBITS_1;
 624              		.loc 1 230 26 is_stmt 0 view .LVU129
 625 000e 0023     		movs	r3, #0
 626 0010 8360     		str	r3, [r0, #8]
 231:Core/Src/main.c ****   huart1.Init.Parity = UART_PARITY_NONE;
 627              		.loc 1 231 3 is_stmt 1 view .LVU130
 231:Core/Src/main.c ****   huart1.Init.Parity = UART_PARITY_NONE;
 628              		.loc 1 231 24 is_stmt 0 view .LVU131
ARM GAS  C:\Users\TRONG-~1\AppData\Local\Temp\ccsG9MIj.s 			page 21


 629 0012 C360     		str	r3, [r0, #12]
 232:Core/Src/main.c ****   huart1.Init.Mode = UART_MODE_TX_RX;
 630              		.loc 1 232 3 is_stmt 1 view .LVU132
 232:Core/Src/main.c ****   huart1.Init.Mode = UART_MODE_TX_RX;
 631              		.loc 1 232 22 is_stmt 0 view .LVU133
 632 0014 0361     		str	r3, [r0, #16]
 233:Core/Src/main.c ****   huart1.Init.HwFlowCtl = UART_HWCONTROL_NONE;
 633              		.loc 1 233 3 is_stmt 1 view .LVU134
 233:Core/Src/main.c ****   huart1.Init.HwFlowCtl = UART_HWCONTROL_NONE;
 634              		.loc 1 233 20 is_stmt 0 view .LVU135
 635 0016 0C22     		movs	r2, #12
 636 0018 4261     		str	r2, [r0, #20]
 234:Core/Src/main.c ****   huart1.Init.OverSampling = UART_OVERSAMPLING_16;
 637              		.loc 1 234 3 is_stmt 1 view .LVU136
 234:Core/Src/main.c ****   huart1.Init.OverSampling = UART_OVERSAMPLING_16;
 638              		.loc 1 234 25 is_stmt 0 view .LVU137
 639 001a 8361     		str	r3, [r0, #24]
 235:Core/Src/main.c ****   if (HAL_UART_Init(&huart1) != HAL_OK)
 640              		.loc 1 235 3 is_stmt 1 view .LVU138
 235:Core/Src/main.c ****   if (HAL_UART_Init(&huart1) != HAL_OK)
 641              		.loc 1 235 28 is_stmt 0 view .LVU139
 642 001c C361     		str	r3, [r0, #28]
 236:Core/Src/main.c ****   {
 643              		.loc 1 236 3 is_stmt 1 view .LVU140
 236:Core/Src/main.c ****   {
 644              		.loc 1 236 7 is_stmt 0 view .LVU141
 645 001e FFF7FEFF 		bl	HAL_UART_Init
 646              	.LVL30:
 236:Core/Src/main.c ****   {
 647              		.loc 1 236 6 view .LVU142
 648 0022 00B9     		cbnz	r0, .L46
 244:Core/Src/main.c **** 
 649              		.loc 1 244 1 view .LVU143
 650 0024 08BD     		pop	{r3, pc}
 651              	.L46:
 238:Core/Src/main.c ****   }
 652              		.loc 1 238 5 is_stmt 1 view .LVU144
 653 0026 FFF7FEFF 		bl	Error_Handler
 654              	.LVL31:
 655              	.L48:
 656 002a 00BF     		.align	2
 657              	.L47:
 658 002c 00000000 		.word	.LANCHOR2
 659 0030 00100140 		.word	1073811456
 660              		.cfi_endproc
 661              	.LFE140:
 663              		.section	.text.SystemClock_Config,"ax",%progbits
 664              		.align	1
 665              		.global	SystemClock_Config
 666              		.syntax unified
 667              		.thumb
 668              		.thumb_func
 669              		.fpu fpv4-sp-d16
 671              	SystemClock_Config:
 672              	.LFB138:
 150:Core/Src/main.c ****   RCC_OscInitTypeDef RCC_OscInitStruct = {0};
 673              		.loc 1 150 1 view -0
ARM GAS  C:\Users\TRONG-~1\AppData\Local\Temp\ccsG9MIj.s 			page 22


 674              		.cfi_startproc
 675              		@ args = 0, pretend = 0, frame = 80
 676              		@ frame_needed = 0, uses_anonymous_args = 0
 677 0000 00B5     		push	{lr}
 678              	.LCFI14:
 679              		.cfi_def_cfa_offset 4
 680              		.cfi_offset 14, -4
 681 0002 95B0     		sub	sp, sp, #84
 682              	.LCFI15:
 683              		.cfi_def_cfa_offset 88
 151:Core/Src/main.c ****   RCC_ClkInitTypeDef RCC_ClkInitStruct = {0};
 684              		.loc 1 151 3 view .LVU146
 151:Core/Src/main.c ****   RCC_ClkInitTypeDef RCC_ClkInitStruct = {0};
 685              		.loc 1 151 22 is_stmt 0 view .LVU147
 686 0004 3022     		movs	r2, #48
 687 0006 0021     		movs	r1, #0
 688 0008 08A8     		add	r0, sp, #32
 689 000a FFF7FEFF 		bl	memset
 690              	.LVL32:
 152:Core/Src/main.c **** 
 691              		.loc 1 152 3 is_stmt 1 view .LVU148
 152:Core/Src/main.c **** 
 692              		.loc 1 152 22 is_stmt 0 view .LVU149
 693 000e 0023     		movs	r3, #0
 694 0010 0393     		str	r3, [sp, #12]
 695 0012 0493     		str	r3, [sp, #16]
 696 0014 0593     		str	r3, [sp, #20]
 697 0016 0693     		str	r3, [sp, #24]
 698 0018 0793     		str	r3, [sp, #28]
 156:Core/Src/main.c ****   __HAL_PWR_VOLTAGESCALING_CONFIG(PWR_REGULATOR_VOLTAGE_SCALE3);
 699              		.loc 1 156 3 is_stmt 1 view .LVU150
 700              	.LBB9:
 156:Core/Src/main.c ****   __HAL_PWR_VOLTAGESCALING_CONFIG(PWR_REGULATOR_VOLTAGE_SCALE3);
 701              		.loc 1 156 3 view .LVU151
 702 001a 0193     		str	r3, [sp, #4]
 156:Core/Src/main.c ****   __HAL_PWR_VOLTAGESCALING_CONFIG(PWR_REGULATOR_VOLTAGE_SCALE3);
 703              		.loc 1 156 3 view .LVU152
 704 001c 194A     		ldr	r2, .L55
 705 001e 116C     		ldr	r1, [r2, #64]
 706 0020 41F08051 		orr	r1, r1, #268435456
 707 0024 1164     		str	r1, [r2, #64]
 156:Core/Src/main.c ****   __HAL_PWR_VOLTAGESCALING_CONFIG(PWR_REGULATOR_VOLTAGE_SCALE3);
 708              		.loc 1 156 3 view .LVU153
 709 0026 126C     		ldr	r2, [r2, #64]
 710 0028 02F08052 		and	r2, r2, #268435456
 711 002c 0192     		str	r2, [sp, #4]
 156:Core/Src/main.c ****   __HAL_PWR_VOLTAGESCALING_CONFIG(PWR_REGULATOR_VOLTAGE_SCALE3);
 712              		.loc 1 156 3 view .LVU154
 713 002e 019A     		ldr	r2, [sp, #4]
 714              	.LBE9:
 156:Core/Src/main.c ****   __HAL_PWR_VOLTAGESCALING_CONFIG(PWR_REGULATOR_VOLTAGE_SCALE3);
 715              		.loc 1 156 3 view .LVU155
 157:Core/Src/main.c ****   /** Initializes the RCC Oscillators according to the specified parameters
 716              		.loc 1 157 3 view .LVU156
 717              	.LBB10:
 157:Core/Src/main.c ****   /** Initializes the RCC Oscillators according to the specified parameters
 718              		.loc 1 157 3 view .LVU157
ARM GAS  C:\Users\TRONG-~1\AppData\Local\Temp\ccsG9MIj.s 			page 23


 719 0030 0293     		str	r3, [sp, #8]
 157:Core/Src/main.c ****   /** Initializes the RCC Oscillators according to the specified parameters
 720              		.loc 1 157 3 view .LVU158
 721 0032 1549     		ldr	r1, .L55+4
 722 0034 0A68     		ldr	r2, [r1]
 723 0036 22F44042 		bic	r2, r2, #49152
 724 003a 42F48042 		orr	r2, r2, #16384
 725 003e 0A60     		str	r2, [r1]
 157:Core/Src/main.c ****   /** Initializes the RCC Oscillators according to the specified parameters
 726              		.loc 1 157 3 view .LVU159
 727 0040 0A68     		ldr	r2, [r1]
 728 0042 02F44042 		and	r2, r2, #49152
 729 0046 0292     		str	r2, [sp, #8]
 157:Core/Src/main.c ****   /** Initializes the RCC Oscillators according to the specified parameters
 730              		.loc 1 157 3 view .LVU160
 731 0048 029A     		ldr	r2, [sp, #8]
 732              	.LBE10:
 157:Core/Src/main.c ****   /** Initializes the RCC Oscillators according to the specified parameters
 733              		.loc 1 157 3 view .LVU161
 161:Core/Src/main.c ****   RCC_OscInitStruct.HSIState = RCC_HSI_ON;
 734              		.loc 1 161 3 view .LVU162
 161:Core/Src/main.c ****   RCC_OscInitStruct.HSIState = RCC_HSI_ON;
 735              		.loc 1 161 36 is_stmt 0 view .LVU163
 736 004a 0222     		movs	r2, #2
 737 004c 0892     		str	r2, [sp, #32]
 162:Core/Src/main.c ****   RCC_OscInitStruct.HSICalibrationValue = RCC_HSICALIBRATION_DEFAULT;
 738              		.loc 1 162 3 is_stmt 1 view .LVU164
 162:Core/Src/main.c ****   RCC_OscInitStruct.HSICalibrationValue = RCC_HSICALIBRATION_DEFAULT;
 739              		.loc 1 162 30 is_stmt 0 view .LVU165
 740 004e 0122     		movs	r2, #1
 741 0050 0B92     		str	r2, [sp, #44]
 163:Core/Src/main.c ****   RCC_OscInitStruct.PLL.PLLState = RCC_PLL_NONE;
 742              		.loc 1 163 3 is_stmt 1 view .LVU166
 163:Core/Src/main.c ****   RCC_OscInitStruct.PLL.PLLState = RCC_PLL_NONE;
 743              		.loc 1 163 41 is_stmt 0 view .LVU167
 744 0052 1022     		movs	r2, #16
 745 0054 0C92     		str	r2, [sp, #48]
 164:Core/Src/main.c ****   if (HAL_RCC_OscConfig(&RCC_OscInitStruct) != HAL_OK)
 746              		.loc 1 164 3 is_stmt 1 view .LVU168
 164:Core/Src/main.c ****   if (HAL_RCC_OscConfig(&RCC_OscInitStruct) != HAL_OK)
 747              		.loc 1 164 34 is_stmt 0 view .LVU169
 748 0056 0E93     		str	r3, [sp, #56]
 165:Core/Src/main.c ****   {
 749              		.loc 1 165 3 is_stmt 1 view .LVU170
 165:Core/Src/main.c ****   {
 750              		.loc 1 165 7 is_stmt 0 view .LVU171
 751 0058 08A8     		add	r0, sp, #32
 752 005a FFF7FEFF 		bl	HAL_RCC_OscConfig
 753              	.LVL33:
 165:Core/Src/main.c ****   {
 754              		.loc 1 165 6 view .LVU172
 755 005e 68B9     		cbnz	r0, .L53
 171:Core/Src/main.c ****                               |RCC_CLOCKTYPE_PCLK1|RCC_CLOCKTYPE_PCLK2;
 756              		.loc 1 171 3 is_stmt 1 view .LVU173
 171:Core/Src/main.c ****                               |RCC_CLOCKTYPE_PCLK1|RCC_CLOCKTYPE_PCLK2;
 757              		.loc 1 171 31 is_stmt 0 view .LVU174
 758 0060 0F23     		movs	r3, #15
ARM GAS  C:\Users\TRONG-~1\AppData\Local\Temp\ccsG9MIj.s 			page 24


 759 0062 0393     		str	r3, [sp, #12]
 173:Core/Src/main.c ****   RCC_ClkInitStruct.AHBCLKDivider = RCC_SYSCLK_DIV1;
 760              		.loc 1 173 3 is_stmt 1 view .LVU175
 173:Core/Src/main.c ****   RCC_ClkInitStruct.AHBCLKDivider = RCC_SYSCLK_DIV1;
 761              		.loc 1 173 34 is_stmt 0 view .LVU176
 762 0064 0021     		movs	r1, #0
 763 0066 0491     		str	r1, [sp, #16]
 174:Core/Src/main.c ****   RCC_ClkInitStruct.APB1CLKDivider = RCC_HCLK_DIV1;
 764              		.loc 1 174 3 is_stmt 1 view .LVU177
 174:Core/Src/main.c ****   RCC_ClkInitStruct.APB1CLKDivider = RCC_HCLK_DIV1;
 765              		.loc 1 174 35 is_stmt 0 view .LVU178
 766 0068 0591     		str	r1, [sp, #20]
 175:Core/Src/main.c ****   RCC_ClkInitStruct.APB2CLKDivider = RCC_HCLK_DIV1;
 767              		.loc 1 175 3 is_stmt 1 view .LVU179
 175:Core/Src/main.c ****   RCC_ClkInitStruct.APB2CLKDivider = RCC_HCLK_DIV1;
 768              		.loc 1 175 36 is_stmt 0 view .LVU180
 769 006a 0691     		str	r1, [sp, #24]
 176:Core/Src/main.c **** 
 770              		.loc 1 176 3 is_stmt 1 view .LVU181
 176:Core/Src/main.c **** 
 771              		.loc 1 176 36 is_stmt 0 view .LVU182
 772 006c 0791     		str	r1, [sp, #28]
 178:Core/Src/main.c ****   {
 773              		.loc 1 178 3 is_stmt 1 view .LVU183
 178:Core/Src/main.c ****   {
 774              		.loc 1 178 7 is_stmt 0 view .LVU184
 775 006e 03A8     		add	r0, sp, #12
 776 0070 FFF7FEFF 		bl	HAL_RCC_ClockConfig
 777              	.LVL34:
 178:Core/Src/main.c ****   {
 778              		.loc 1 178 6 view .LVU185
 779 0074 20B9     		cbnz	r0, .L54
 182:Core/Src/main.c **** 
 780              		.loc 1 182 1 view .LVU186
 781 0076 15B0     		add	sp, sp, #84
 782              	.LCFI16:
 783              		.cfi_remember_state
 784              		.cfi_def_cfa_offset 4
 785              		@ sp needed
 786 0078 5DF804FB 		ldr	pc, [sp], #4
 787              	.L53:
 788              	.LCFI17:
 789              		.cfi_restore_state
 167:Core/Src/main.c ****   }
 790              		.loc 1 167 5 is_stmt 1 view .LVU187
 791 007c FFF7FEFF 		bl	Error_Handler
 792              	.LVL35:
 793              	.L54:
 180:Core/Src/main.c ****   }
 794              		.loc 1 180 5 view .LVU188
 795 0080 FFF7FEFF 		bl	Error_Handler
 796              	.LVL36:
 797              	.L56:
 798              		.align	2
 799              	.L55:
 800 0084 00380240 		.word	1073887232
 801 0088 00700040 		.word	1073770496
ARM GAS  C:\Users\TRONG-~1\AppData\Local\Temp\ccsG9MIj.s 			page 25


 802              		.cfi_endproc
 803              	.LFE138:
 805              		.section	.text.main,"ax",%progbits
 806              		.align	1
 807              		.global	main
 808              		.syntax unified
 809              		.thumb
 810              		.thumb_func
 811              		.fpu fpv4-sp-d16
 813              	main:
 814              	.LFB137:
 110:Core/Src/main.c ****   HAL_Init();
 815              		.loc 1 110 1 view -0
 816              		.cfi_startproc
 817              		@ Volatile: function does not return.
 818              		@ args = 0, pretend = 0, frame = 0
 819              		@ frame_needed = 0, uses_anonymous_args = 0
 820 0000 08B5     		push	{r3, lr}
 821              	.LCFI18:
 822              		.cfi_def_cfa_offset 8
 823              		.cfi_offset 3, -8
 824              		.cfi_offset 14, -4
 111:Core/Src/main.c **** 
 825              		.loc 1 111 3 view .LVU190
 826 0002 FFF7FEFF 		bl	HAL_Init
 827              	.LVL37:
 113:Core/Src/main.c **** 
 828              		.loc 1 113 3 view .LVU191
 829 0006 FFF7FEFF 		bl	SystemClock_Config
 830              	.LVL38:
 115:Core/Src/main.c ****   MX_TIM2_Init();
 831              		.loc 1 115 3 view .LVU192
 832 000a FFF7FEFF 		bl	MX_GPIO_Init
 833              	.LVL39:
 116:Core/Src/main.c ****   MX_USART1_UART_Init();
 834              		.loc 1 116 3 view .LVU193
 835 000e FFF7FEFF 		bl	MX_TIM2_Init
 836              	.LVL40:
 117:Core/Src/main.c **** 
 837              		.loc 1 117 3 view .LVU194
 838 0012 FFF7FEFF 		bl	MX_USART1_UART_Init
 839              	.LVL41:
 119:Core/Src/main.c ****   HAL_TIM_Base_Start_IT(&htim2);
 840              		.loc 1 119 3 view .LVU195
 841 0016 1348     		ldr	r0, .L66
 842 0018 FFF7FEFF 		bl	RetargetInit
 843              	.LVL42:
 120:Core/Src/main.c **** 
 844              		.loc 1 120 3 view .LVU196
 845 001c 1248     		ldr	r0, .L66+4
 846 001e FFF7FEFF 		bl	HAL_TIM_Base_Start_IT
 847              	.LVL43:
 122:Core/Src/main.c **** 
 848              		.loc 1 122 3 view .LVU197
 849 0022 1248     		ldr	r0, .L66+8
 850 0024 FFF7FEFF 		bl	printf
 851              	.LVL44:
ARM GAS  C:\Users\TRONG-~1\AppData\Local\Temp\ccsG9MIj.s 			page 26


 852 0028 01E0     		b	.L59
 853              	.L60:
 134:Core/Src/main.c ****           break;
 854              		.loc 1 134 11 view .LVU198
 855 002a FFF7FEFF 		bl	RetargetName
 856              	.LVL45:
 135:Core/Src/main.c ****         case 'b':
 857              		.loc 1 135 11 view .LVU199
 858              	.L59:
 124:Core/Src/main.c ****   {
 859              		.loc 1 124 3 view .LVU200
 127:Core/Src/main.c ****     // uint8_t x=HAL_UART_Receive(&huart1, &cmd, 1, 100);
 860              		.loc 1 127 5 view .LVU201
 127:Core/Src/main.c ****     // uint8_t x=HAL_UART_Receive(&huart1, &cmd, 1, 100);
 861              		.loc 1 127 14 is_stmt 0 view .LVU202
 862 002e 0121     		movs	r1, #1
 863 0030 0F48     		ldr	r0, .L66+12
 864 0032 FFF7FEFF 		bl	HAL_GPIO_ReadPin
 865              	.LVL46:
 127:Core/Src/main.c ****     // uint8_t x=HAL_UART_Receive(&huart1, &cmd, 1, 100);
 866              		.loc 1 127 12 view .LVU203
 867 0036 0F4B     		ldr	r3, .L66+16
 868 0038 1870     		strb	r0, [r3]
 129:Core/Src/main.c ****     {
 869              		.loc 1 129 5 is_stmt 1 view .LVU204
 129:Core/Src/main.c ****     {
 870              		.loc 1 129 8 is_stmt 0 view .LVU205
 871 003a 6423     		movs	r3, #100
 872 003c 0122     		movs	r2, #1
 873 003e 0E49     		ldr	r1, .L66+20
 874 0040 0848     		ldr	r0, .L66
 875 0042 FFF7FEFF 		bl	HAL_UART_Receive
 876              	.LVL47:
 129:Core/Src/main.c ****     {
 877              		.loc 1 129 7 view .LVU206
 878 0046 0028     		cmp	r0, #0
 879 0048 F1D1     		bne	.L59
 131:Core/Src/main.c ****       {
 880              		.loc 1 131 7 is_stmt 1 view .LVU207
 881 004a 0B4B     		ldr	r3, .L66+20
 882 004c 1B78     		ldrb	r3, [r3]	@ zero_extendqisi2
 883 004e 612B     		cmp	r3, #97
 884 0050 EBD0     		beq	.L60
 885 0052 622B     		cmp	r3, #98
 886 0054 03D0     		beq	.L61
 142:Core/Src/main.c ****       }
 887              		.loc 1 142 9 view .LVU208
 888 0056 0948     		ldr	r0, .L66+24
 889 0058 FFF7FEFF 		bl	printf
 890              	.LVL48:
 891 005c E7E7     		b	.L59
 892              	.L61:
 137:Core/Src/main.c ****           break;
 893              		.loc 1 137 11 view .LVU209
 894 005e FFF7FEFF 		bl	AdvanceLed
 895              	.LVL49:
 896              	.L67:
ARM GAS  C:\Users\TRONG-~1\AppData\Local\Temp\ccsG9MIj.s 			page 27


 897 0062 00BF     		.align	2
 898              	.L66:
 899 0064 00000000 		.word	.LANCHOR2
 900 0068 00000000 		.word	.LANCHOR3
 901 006c 00000000 		.word	.LANCHOR4
 902 0070 00000240 		.word	1073872896
 903 0074 00000000 		.word	.LANCHOR5
 904 0078 00000000 		.word	.LANCHOR1
 905 007c 00000000 		.word	.LANCHOR6
 906              		.cfi_endproc
 907              	.LFE137:
 909              		.section	.text.__io_putchar,"ax",%progbits
 910              		.align	1
 911              		.global	__io_putchar
 912              		.syntax unified
 913              		.thumb
 914              		.thumb_func
 915              		.fpu fpv4-sp-d16
 917              	__io_putchar:
 918              	.LVL50:
 919              	.LFB143:
 285:Core/Src/main.c ****   /* USER CODE END Error_Handler_Debug */
 286:Core/Src/main.c **** }
 287:Core/Src/main.c **** 
 288:Core/Src/main.c **** #ifdef __GNUC__
 289:Core/Src/main.c **** #define PUTCHAR_PROTOTYPE int __io_putchar(int ch)
 290:Core/Src/main.c **** #else
 291:Core/Src/main.c **** #define PUTCHAR_PROTOTYPE int fputc(int ch, FILE *f)
 292:Core/Src/main.c **** #endif /* __GNUC__ */
 293:Core/Src/main.c **** 
 294:Core/Src/main.c **** PUTCHAR_PROTOTYPE
 295:Core/Src/main.c **** {
 920              		.loc 1 295 1 view -0
 921              		.cfi_startproc
 922              		@ args = 0, pretend = 0, frame = 8
 923              		@ frame_needed = 0, uses_anonymous_args = 0
 924              		.loc 1 295 1 is_stmt 0 view .LVU211
 925 0000 10B5     		push	{r4, lr}
 926              	.LCFI19:
 927              		.cfi_def_cfa_offset 8
 928              		.cfi_offset 4, -8
 929              		.cfi_offset 14, -4
 930 0002 82B0     		sub	sp, sp, #8
 931              	.LCFI20:
 932              		.cfi_def_cfa_offset 16
 933 0004 0190     		str	r0, [sp, #4]
 296:Core/Src/main.c ****   HAL_UART_Receive(&huart1, (uint8_t *)&ch, 1, HAL_MAX_DELAY);
 934              		.loc 1 296 3 is_stmt 1 view .LVU212
 935 0006 094C     		ldr	r4, .L70
 936 0008 4FF0FF33 		mov	r3, #-1
 937 000c 0122     		movs	r2, #1
 938 000e 01A9     		add	r1, sp, #4
 939 0010 2046     		mov	r0, r4
 940              	.LVL51:
 941              		.loc 1 296 3 is_stmt 0 view .LVU213
 942 0012 FFF7FEFF 		bl	HAL_UART_Receive
 943              	.LVL52:
ARM GAS  C:\Users\TRONG-~1\AppData\Local\Temp\ccsG9MIj.s 			page 28


 297:Core/Src/main.c ****   HAL_UART_Transmit(&huart1, (uint8_t *)&ch, 1, HAL_MAX_DELAY);
 944              		.loc 1 297 3 is_stmt 1 view .LVU214
 945 0016 4FF0FF33 		mov	r3, #-1
 946 001a 0122     		movs	r2, #1
 947 001c 01A9     		add	r1, sp, #4
 948 001e 2046     		mov	r0, r4
 949 0020 FFF7FEFF 		bl	HAL_UART_Transmit
 950              	.LVL53:
 298:Core/Src/main.c ****   return ch;
 951              		.loc 1 298 3 view .LVU215
 299:Core/Src/main.c **** }
 952              		.loc 1 299 1 is_stmt 0 view .LVU216
 953 0024 0198     		ldr	r0, [sp, #4]
 954 0026 02B0     		add	sp, sp, #8
 955              	.LCFI21:
 956              		.cfi_def_cfa_offset 8
 957              		@ sp needed
 958 0028 10BD     		pop	{r4, pc}
 959              	.L71:
 960 002a 00BF     		.align	2
 961              	.L70:
 962 002c 00000000 		.word	.LANCHOR2
 963              		.cfi_endproc
 964              	.LFE143:
 966              		.global	button
 967              		.global	err
 968              		.global	msg
 969              		.global	mainmsg
 970              		.global	cmd
 971              		.global	Rx_data
 972              		.global	huart1
 973              		.global	htim2
 974              		.section	.bss.Rx_data,"aw",%nobits
 975              		.align	2
 978              	Rx_data:
 979 0000 0000     		.space	2
 980              		.section	.bss.button,"aw",%nobits
 981              		.set	.LANCHOR5,. + 0
 984              	button:
 985 0000 00       		.space	1
 986              		.section	.bss.cmd,"aw",%nobits
 987              		.set	.LANCHOR1,. + 0
 990              	cmd:
 991 0000 00       		.space	1
 992              		.section	.bss.htim2,"aw",%nobits
 993              		.align	2
 994              		.set	.LANCHOR3,. + 0
 997              	htim2:
 998 0000 00000000 		.space	72
 998      00000000 
 998      00000000 
 998      00000000 
 998      00000000 
 999              		.section	.bss.huart1,"aw",%nobits
 1000              		.align	2
 1001              		.set	.LANCHOR2,. + 0
 1004              	huart1:
ARM GAS  C:\Users\TRONG-~1\AppData\Local\Temp\ccsG9MIj.s 			page 29


 1005 0000 00000000 		.space	68
 1005      00000000 
 1005      00000000 
 1005      00000000 
 1005      00000000 
 1006              		.section	.data.err,"aw"
 1007              		.align	2
 1008              		.set	.LANCHOR6,. + 0
 1011              	err:
 1012 0000 496E7661 		.ascii	"Invalid input! Please try again!\012\000"
 1012      6C696420 
 1012      696E7075 
 1012      74212050 
 1012      6C656173 
 1013              		.section	.data.mainmsg,"aw"
 1014              		.align	2
 1015              		.set	.LANCHOR4,. + 0
 1018              	mainmsg:
 1019 0000 50726573 		.ascii	"Press:  a: Name    b: Button Led  \012\000"
 1019      733A2020 
 1019      613A204E 
 1019      616D6520 
 1019      20202062 
 1020              		.section	.data.msg,"aw"
 1021              		.align	2
 1022              		.set	.LANCHOR0,. + 0
 1025              	msg:
 1026 0000 50726573 		.ascii	"Press :   0: All Led OFF  1: Led Green ON   2: Led "
 1026      73203A20 
 1026      2020303A 
 1026      20416C6C 
 1026      204C6564 
 1027 0033 52656420 		.ascii	"Red ON   3: Timer Led\000"
 1027      4F4E2020 
 1027      20333A20 
 1027      54696D65 
 1027      72204C65 
 1028              		.text
 1029              	.Letext0:
 1030              		.file 3 "c:\\program files (x86)\\gnu arm embedded toolchain\\10 2020-q4-major\\arm-none-eabi\\inc
 1031              		.file 4 "c:\\program files (x86)\\gnu arm embedded toolchain\\10 2020-q4-major\\arm-none-eabi\\inc
 1032              		.file 5 "Drivers/CMSIS/Device/ST/STM32F4xx/Include/stm32f429xx.h"
 1033              		.file 6 "Drivers/STM32F4xx_HAL_Driver/Inc/stm32f4xx_hal_def.h"
 1034              		.file 7 "Drivers/STM32F4xx_HAL_Driver/Inc/stm32f4xx_hal_rcc_ex.h"
 1035              		.file 8 "Drivers/STM32F4xx_HAL_Driver/Inc/stm32f4xx_hal_rcc.h"
 1036              		.file 9 "Drivers/STM32F4xx_HAL_Driver/Inc/stm32f4xx_hal_gpio.h"
 1037              		.file 10 "Drivers/STM32F4xx_HAL_Driver/Inc/stm32f4xx_hal_dma.h"
 1038              		.file 11 "Drivers/STM32F4xx_HAL_Driver/Inc/stm32f4xx_hal_tim.h"
 1039              		.file 12 "Drivers/STM32F4xx_HAL_Driver/Inc/stm32f4xx_hal_uart.h"
 1040              		.file 13 "Drivers/STM32F4xx_HAL_Driver/Inc/stm32f4xx_hal_tim_ex.h"
 1041              		.file 14 "Drivers/STM32F4xx_HAL_Driver/Inc/stm32f4xx_hal.h"
 1042              		.file 15 "Core/Inc/retarget.h"
 1043              		.file 16 "c:\\program files (x86)\\gnu arm embedded toolchain\\10 2020-q4-major\\arm-none-eabi\\in
 1044              		.file 17 "<built-in>"
ARM GAS  C:\Users\TRONG-~1\AppData\Local\Temp\ccsG9MIj.s 			page 30


DEFINED SYMBOLS
                            *ABS*:00000000 main.c
C:\Users\TRONG-~1\AppData\Local\Temp\ccsG9MIj.s:18     .text.MX_GPIO_Init:00000000 $t
C:\Users\TRONG-~1\AppData\Local\Temp\ccsG9MIj.s:25     .text.MX_GPIO_Init:00000000 MX_GPIO_Init
C:\Users\TRONG-~1\AppData\Local\Temp\ccsG9MIj.s:159    .text.MX_GPIO_Init:00000094 $d
C:\Users\TRONG-~1\AppData\Local\Temp\ccsG9MIj.s:166    .rodata.RetargetName.str1.4:00000000 $d
C:\Users\TRONG-~1\AppData\Local\Temp\ccsG9MIj.s:176    .text.RetargetName:00000000 $t
C:\Users\TRONG-~1\AppData\Local\Temp\ccsG9MIj.s:183    .text.RetargetName:00000000 RetargetName
C:\Users\TRONG-~1\AppData\Local\Temp\ccsG9MIj.s:220    .text.RetargetName:00000020 $d
C:\Users\TRONG-~1\AppData\Local\Temp\ccsG9MIj.s:227    .text.toggleled:00000000 $t
C:\Users\TRONG-~1\AppData\Local\Temp\ccsG9MIj.s:234    .text.toggleled:00000000 toggleled
C:\Users\TRONG-~1\AppData\Local\Temp\ccsG9MIj.s:262    .text.toggleled:00000014 $d
C:\Users\TRONG-~1\AppData\Local\Temp\ccsG9MIj.s:267    .rodata.AdvanceLed.str1.4:00000000 $d
C:\Users\TRONG-~1\AppData\Local\Temp\ccsG9MIj.s:280    .text.AdvanceLed:00000000 $t
C:\Users\TRONG-~1\AppData\Local\Temp\ccsG9MIj.s:287    .text.AdvanceLed:00000000 AdvanceLed
C:\Users\TRONG-~1\AppData\Local\Temp\ccsG9MIj.s:339    .text.AdvanceLed:0000003c $d
C:\Users\TRONG-~1\AppData\Local\Temp\ccsG9MIj.s:343    .text.AdvanceLed:0000004c $t
C:\Users\TRONG-~1\AppData\Local\Temp\ccsG9MIj.s:381    .text.AdvanceLed:00000080 $d
C:\Users\TRONG-~1\AppData\Local\Temp\ccsG9MIj.s:393    .text.HAL_TIM_PeriodElapsedCallback:00000000 $t
C:\Users\TRONG-~1\AppData\Local\Temp\ccsG9MIj.s:400    .text.HAL_TIM_PeriodElapsedCallback:00000000 HAL_TIM_PeriodElapsedCallback
C:\Users\TRONG-~1\AppData\Local\Temp\ccsG9MIj.s:437    .text.HAL_TIM_PeriodElapsedCallback:00000018 $d
C:\Users\TRONG-~1\AppData\Local\Temp\ccsG9MIj.s:443    .text.Error_Handler:00000000 $t
C:\Users\TRONG-~1\AppData\Local\Temp\ccsG9MIj.s:450    .text.Error_Handler:00000000 Error_Handler
C:\Users\TRONG-~1\AppData\Local\Temp\ccsG9MIj.s:482    .text.MX_TIM2_Init:00000000 $t
C:\Users\TRONG-~1\AppData\Local\Temp\ccsG9MIj.s:488    .text.MX_TIM2_Init:00000000 MX_TIM2_Init
C:\Users\TRONG-~1\AppData\Local\Temp\ccsG9MIj.s:592    .text.MX_TIM2_Init:00000064 $d
C:\Users\TRONG-~1\AppData\Local\Temp\ccsG9MIj.s:597    .text.MX_USART1_UART_Init:00000000 $t
C:\Users\TRONG-~1\AppData\Local\Temp\ccsG9MIj.s:603    .text.MX_USART1_UART_Init:00000000 MX_USART1_UART_Init
C:\Users\TRONG-~1\AppData\Local\Temp\ccsG9MIj.s:658    .text.MX_USART1_UART_Init:0000002c $d
C:\Users\TRONG-~1\AppData\Local\Temp\ccsG9MIj.s:664    .text.SystemClock_Config:00000000 $t
C:\Users\TRONG-~1\AppData\Local\Temp\ccsG9MIj.s:671    .text.SystemClock_Config:00000000 SystemClock_Config
C:\Users\TRONG-~1\AppData\Local\Temp\ccsG9MIj.s:800    .text.SystemClock_Config:00000084 $d
C:\Users\TRONG-~1\AppData\Local\Temp\ccsG9MIj.s:806    .text.main:00000000 $t
C:\Users\TRONG-~1\AppData\Local\Temp\ccsG9MIj.s:813    .text.main:00000000 main
C:\Users\TRONG-~1\AppData\Local\Temp\ccsG9MIj.s:899    .text.main:00000064 $d
C:\Users\TRONG-~1\AppData\Local\Temp\ccsG9MIj.s:910    .text.__io_putchar:00000000 $t
C:\Users\TRONG-~1\AppData\Local\Temp\ccsG9MIj.s:917    .text.__io_putchar:00000000 __io_putchar
C:\Users\TRONG-~1\AppData\Local\Temp\ccsG9MIj.s:962    .text.__io_putchar:0000002c $d
C:\Users\TRONG-~1\AppData\Local\Temp\ccsG9MIj.s:984    .bss.button:00000000 button
C:\Users\TRONG-~1\AppData\Local\Temp\ccsG9MIj.s:1011   .data.err:00000000 err
C:\Users\TRONG-~1\AppData\Local\Temp\ccsG9MIj.s:1025   .data.msg:00000000 msg
C:\Users\TRONG-~1\AppData\Local\Temp\ccsG9MIj.s:1018   .data.mainmsg:00000000 mainmsg
C:\Users\TRONG-~1\AppData\Local\Temp\ccsG9MIj.s:990    .bss.cmd:00000000 cmd
C:\Users\TRONG-~1\AppData\Local\Temp\ccsG9MIj.s:978    .bss.Rx_data:00000000 Rx_data
C:\Users\TRONG-~1\AppData\Local\Temp\ccsG9MIj.s:1004   .bss.huart1:00000000 huart1
C:\Users\TRONG-~1\AppData\Local\Temp\ccsG9MIj.s:997    .bss.htim2:00000000 htim2
C:\Users\TRONG-~1\AppData\Local\Temp\ccsG9MIj.s:975    .bss.Rx_data:00000000 $d
C:\Users\TRONG-~1\AppData\Local\Temp\ccsG9MIj.s:985    .bss.button:00000000 $d
C:\Users\TRONG-~1\AppData\Local\Temp\ccsG9MIj.s:991    .bss.cmd:00000000 $d
C:\Users\TRONG-~1\AppData\Local\Temp\ccsG9MIj.s:993    .bss.htim2:00000000 $d
C:\Users\TRONG-~1\AppData\Local\Temp\ccsG9MIj.s:1000   .bss.huart1:00000000 $d
C:\Users\TRONG-~1\AppData\Local\Temp\ccsG9MIj.s:1007   .data.err:00000000 $d
C:\Users\TRONG-~1\AppData\Local\Temp\ccsG9MIj.s:1014   .data.mainmsg:00000000 $d
C:\Users\TRONG-~1\AppData\Local\Temp\ccsG9MIj.s:1021   .data.msg:00000000 $d

UNDEFINED SYMBOLS
HAL_GPIO_WritePin
ARM GAS  C:\Users\TRONG-~1\AppData\Local\Temp\ccsG9MIj.s 			page 31


HAL_GPIO_Init
printf
scanf
HAL_GPIO_TogglePin
HAL_Delay
HAL_UART_Receive
HAL_TIM_Base_Init
HAL_TIM_ConfigClockSource
HAL_TIMEx_MasterConfigSynchronization
HAL_UART_Init
memset
HAL_RCC_OscConfig
HAL_RCC_ClockConfig
HAL_Init
RetargetInit
HAL_TIM_Base_Start_IT
HAL_GPIO_ReadPin
HAL_UART_Transmit
